
[2016-07-28 12:26:12] [ERROR] register err(1062, "Duplicate entry 'wangshihao' for key 'username'")
[2016-07-28 12:35:13] [INFOR] abcabcregister success!
[2016-07-28 13:18:02] [INFOR] entered blog page
[2016-07-29 08:01:41] [INFOR] qwertyuiopregister success!
[2016-07-29 08:07:55] [INFOR] zxcvbregister success!
[2016-07-29 08:20:30] [INFOR] qazwsxregister success!
[2016-07-29 08:21:36] [INFOR] qweasdregister success!
[2016-07-29 08:38:19] [INFOR] qazwsaqwsaregister success!
[2016-07-29 08:41:38] [INFOR] qazwsxerregister success!
[2016-07-29 08:59:11] [INFOR] asqwzxregister success!
[2016-07-29 08:59:54] [INFOR] zxasqwregister success!
[2016-07-29 09:19:08] [INFOR] zxcasdqweregister success!
[2016-07-29 09:23:20] [INFOR] qwerasdfregister success!
[2016-07-29 09:47:47] [INFOR] wshwshwshregister success!
[2016-07-29 09:59:23] [INFOR] AAAAregister success!
[2016-07-30 06:07:28] [INFOR] entered blog page
[2016-07-30 08:07:46] [INFOR] adminadminregister success!
[2016-07-30 08:18:26] [INFOR] qwerasfzregister success!
[2016-07-30 08:50:52] [INFOR] abcdregister success!
[2016-07-30 08:55:13] [INFOR] yturregister success!
[2016-07-30 08:57:01] [INFOR] qwerasdfzxcvregister success!
[2016-07-30 09:08:20] [INFOR] entered blog page
[2016-07-30 09:09:04] [INFOR] qweasdzaqregister success!
[2016-07-30 09:26:15] [INFOR] haharegister success!
[2016-07-30 09:27:09] [INFOR] heheregister success!
[2016-07-30 11:09:45] [INFOR] wangshihaowangregister success!
[2016-07-30 13:11:26] [INFOR] wshlogin success!
[2016-07-30 13:11:34] [INFOR] wshregister success!
[2016-07-30 13:12:19] [INFOR] wshlogin success!
[2016-07-30 13:14:17] [INFOR] wshlogin success!
[2016-07-30 13:14:30] [INFOR] wshlogin success!
[2016-07-30 13:15:50] [INFOR] wshlogin success!
[2016-07-30 13:36:40] [ERROR] login err : "'username'"
[2016-07-30 13:51:07] [INFOR] lalala register success!
[2016-07-30 14:15:10] [INFOR] wsh login success!
[2016-07-30 14:21:43] [INFOR] wsh login success!
[2016-07-30 14:30:04] [INFOR] wsh login success!
[2016-07-30 14:37:41] [INFOR] wsh login success!
[2016-07-30 14:40:04] [INFOR] wsh login success!
[2016-07-30 14:40:24] [INFOR] wsh login success!
[2016-07-30 14:53:48] [INFOR] wsh login success!
[2016-07-30 14:54:14] [INFOR] wsh login success!
[2016-07-30 15:06:35] [INFOR] wsh login success!
[2016-07-30 15:08:44] [ERROR] login err : username or password is wrong
[2016-07-30 15:08:44] [ERROR] login err : <django.utils.functional.__proxy__ object at 0x7f5f7f7f0690> is not JSON serializable
[2016-07-30 15:08:58] [ERROR] login err : "'username'"
[2016-07-30 15:11:05] [ERROR] login err : username or password is wrong
[2016-07-30 15:11:05] [ERROR] login err : <django.utils.functional.__proxy__ object at 0x7f4824120750> is not JSON serializable
[2016-07-30 15:12:02] [ERROR] login err : username or password is wrong
[2016-07-30 15:13:57] [ERROR] login err : username or password is wrong
[2016-07-30 15:14:03] [INFOR] wsh login success!
[2016-07-30 15:22:42] [INFOR] wsh login success!
[2016-07-30 15:23:06] [ERROR] login err : username or password is wrong
[2016-07-30 15:27:18] [INFOR] wsh login success!
[2016-07-30 15:28:33] [INFOR] wsh login success!
[2016-07-31 14:59:24] [INFOR] wsh login success!
[2016-07-31 15:00:22] [INFOR] wsh login success!
[2016-07-31 15:02:21] [INFOR] entered blog page
[2016-07-31 15:06:48] [INFOR] wsh login success!
[2016-07-31 15:22:38] [ERROR] login err : username or password is wrong
[2016-07-31 15:29:16] [ERROR] login err : username or password is wrong
[2016-07-31 15:43:35] [INFOR] 2985b6454b7f7c8d41d8cd98f00b20 register success!
[2016-07-31 15:43:58] [INFOR] 2985b6454b7f7c8e99a18c428cb38d register success!
[2016-07-31 15:44:26] [INFOR] 2985b6454b7f7c8e99a18c428cb38d login success!
[2016-07-31 15:44:47] [ERROR] login err : username or password is wrong
[2016-07-31 15:45:15] [INFOR] 5ff999108e280ece99a18c428cb38d register success!
[2016-07-31 15:45:38] [INFOR] 5ff999108e280ece99a18c428cb38d login success!
[2016-07-31 16:40:47] [INFOR] 2985b6454b7f7c8e99a18c428cb38d login success!
[2016-08-01 09:45:44] [INFOR] 39e1a2244d6dbb8e99a18c428cb38d register success!
[2016-08-01 09:47:25] [INFOR] 39e1a2244d6dbb8e99a18c428cb38d login success!
[2016-08-01 09:47:48] [INFOR] 39e1a2244d6dbb8e99a18c428cb38d login success!
[2016-08-01 09:48:53] [INFOR] 39e1a2244d6dbb8e99a18c428cb38d login success!
[2016-08-03 13:56:57] [INFOR] entered blog page
[2016-08-03 14:04:13] [INFOR] entered blog page
[2016-08-04 13:26:41] [INFOR] entered blog page
[2016-08-04 13:28:31] [INFOR] entered blog page
[2016-08-04 13:29:27] [INFOR] entered blog page
[2016-08-04 13:32:56] [INFOR] entered blog page
[2016-08-04 13:45:33] [INFOR] entered blog page
[2016-08-04 13:46:05] [INFOR] entered blog page
[2016-08-04 13:47:26] [INFOR] entered blog page
[2016-08-04 13:47:43] [INFOR] entered blog page
[2016-08-04 13:48:12] [INFOR] entered blog page
[2016-08-04 13:54:03] [INFOR] entered blog page
[2016-08-04 13:55:15] [INFOR] entered blog page
[2016-08-04 14:01:06] [INFOR] entered blog page
[2016-08-04 14:03:18] [INFOR] entered blog page
[2016-08-04 14:03:27] [INFOR] entered blog page
[2016-08-04 14:07:19] [INFOR] entered blog page
[2016-08-04 14:10:02] [INFOR] entered blog page
[2016-08-04 14:13:42] [INFOR] entered blog page
[2016-08-04 14:13:51] [INFOR] entered blog page
[2016-08-04 14:45:44] [INFOR] entered blog page
[2016-08-04 14:45:47] [INFOR] entered blog page
[2016-08-04 14:46:01] [INFOR] entered blog page
[2016-08-04 14:57:32] [INFOR] entered blog page
[2016-08-04 15:00:28] [INFOR] entered blog page
[2016-08-04 15:01:20] [INFOR] entered blog page
[2016-08-04 15:01:27] [INFOR] entered blog page
[2016-08-04 15:02:34] [INFOR] entered blog page
[2016-08-04 15:17:03] [INFOR] entered blog page
[2016-08-04 15:19:46] [INFOR] entered blog page
[2016-08-04 15:19:55] [INFOR] entered blog page
[2016-08-04 15:22:52] [INFOR] entered blog page
[2016-08-04 15:23:02] [INFOR] entered blog page
[2016-08-04 15:23:06] [INFOR] entered blog page
[2016-08-04 15:23:08] [INFOR] entered blog page
[2016-08-04 15:26:11] [INFOR] entered blog page
[2016-08-04 15:28:52] [INFOR] entered blog page
[2016-08-04 15:29:04] [INFOR] entered blog page
[2016-08-04 15:31:05] [INFOR] entered blog page
[2016-08-04 15:31:07] [INFOR] entered blog page
[2016-08-04 15:32:13] [INFOR] entered blog page
[2016-08-04 15:32:24] [INFOR] entered blog page
[2016-08-04 15:32:55] [INFOR] entered blog page
[2016-08-04 15:34:49] [INFOR] entered blog page
[2016-08-04 15:36:17] [INFOR] entered blog page
[2016-08-04 15:37:31] [INFOR] entered blog page
[2016-08-04 15:38:30] [INFOR] entered blog page
[2016-08-04 15:39:33] [INFOR] entered blog page
[2016-08-04 15:40:48] [INFOR] entered blog page
[2016-08-04 15:42:40] [INFOR] entered blog page
[2016-08-04 15:44:22] [INFOR] entered blog page
[2016-08-04 15:44:41] [INFOR] entered blog page
[2016-08-04 15:47:33] [INFOR] entered blog page
[2016-08-04 15:49:22] [INFOR] entered blog page
[2016-08-04 15:59:32] [INFOR] entered blog page
[2016-08-04 16:05:55] [INFOR] entered blog page
[2016-08-04 16:09:30] [INFOR] entered blog page
[2016-08-04 16:14:39] [INFOR] entered blog page
[2016-08-04 16:15:37] [INFOR] entered blog page
[2016-08-04 16:16:57] [INFOR] entered blog page
[2016-08-04 16:17:19] [INFOR] entered blog page
[2016-08-04 16:21:49] [INFOR] entered blog page
[2016-08-04 16:23:50] [INFOR] entered blog page
[2016-08-04 16:32:11] [INFOR] entered blog page
[2016-08-04 16:32:17] [INFOR] entered blog page
[2016-08-04 16:32:23] [INFOR] entered blog page
[2016-08-04 16:40:00] [INFOR] entered blog page
[2016-08-04 16:40:29] [INFOR] entered blog page
[2016-08-04 16:48:55] [INFOR] entered blog page
[2016-08-05 01:01:56] [INFOR] entered blog page
[2016-08-05 01:02:14] [INFOR] entered blog page
[2016-08-05 01:03:15] [INFOR] entered blog page
[2016-08-05 01:05:41] [INFOR] entered blog page
[2016-08-05 01:05:43] [INFOR] entered blog page
[2016-08-05 01:05:56] [INFOR] entered blog page
[2016-08-05 01:14:55] [INFOR] entered blog page
[2016-08-05 01:15:08] [INFOR] entered blog page
[2016-08-05 01:15:15] [INFOR] entered blog page
[2016-08-05 01:15:24] [INFOR] entered blog page
[2016-08-05 01:20:19] [INFOR] entered blog page
[2016-08-05 01:20:36] [INFOR] entered blog page
[2016-08-05 01:26:14] [INFOR] entered blog page
[2016-08-05 01:27:00] [INFOR] entered blog page
[2016-08-05 01:27:08] [INFOR] entered blog page
[2016-08-05 01:28:10] [INFOR] entered blog page
[2016-08-05 01:28:38] [INFOR] entered blog page
[2016-08-05 01:39:02] [INFOR] entered blog page
[2016-08-05 01:39:08] [INFOR] entered blog page
[2016-08-05 01:39:25] [INFOR] entered blog page
[2016-08-05 01:41:10] [INFOR] entered blog page
[2016-08-05 01:41:17] [INFOR] entered blog page
[2016-08-05 01:41:58] [INFOR] entered blog page
[2016-08-05 01:42:36] [INFOR] entered blog page
[2016-08-05 01:50:59] [INFOR] entered blog page
[2016-08-05 01:51:07] [INFOR] entered blog page
[2016-08-05 01:54:36] [INFOR] entered blog page
[2016-08-05 05:06:15] [INFOR] entered blog page
[2016-08-05 05:06:27] [INFOR] entered blog page
[2016-08-05 05:06:41] [INFOR] entered blog page
[2016-08-05 07:18:05] [INFOR] entered blog page
[2016-08-05 07:18:46] [INFOR] entered blog page
[2016-08-05 07:18:55] [INFOR] entered blog page
[2016-08-05 07:18:59] [INFOR] entered blog page
[2016-08-05 07:19:19] [INFOR] entered blog page
[2016-08-05 09:10:30] [INFOR] entered blog page
[2016-08-06 06:25:16] [INFOR] entered blog page
[2016-08-06 07:34:38] [INFOR] entered blog page
[2016-08-06 07:39:24] [INFOR] entered blog page
[2016-08-06 09:07:38] [INFOR] entered blog page
[2016-08-06 09:07:47] [INFOR] entered blog page
[2016-08-06 09:28:12] [INFOR] entered blog page
[2016-08-07 06:29:07] [INFOR] entered blog page
[2016-08-07 06:29:52] [INFOR] entered blog page
[2016-08-07 06:40:05] [INFOR] entered blog page
[2016-08-07 06:46:29] [INFOR] entered blog page
[2016-08-07 06:47:17] [INFOR] entered blog page
[2016-08-07 06:48:16] [INFOR] entered blog page
[2016-08-07 06:49:09] [INFOR] entered blog page
[2016-08-07 06:49:45] [INFOR] entered blog page
[2016-08-07 06:50:07] [ERROR] login err : username or password is wrong
[2016-08-07 06:50:16] [ERROR] login err : username or password is wrong
[2016-08-07 06:50:24] [ERROR] login err : username or password is wrong
[2016-08-07 06:51:26] [INFOR] 王世豪 login success!
[2016-08-07 06:51:40] [INFOR] entered blog page
[2016-08-07 06:52:02] [INFOR] 王世豪 login success!
[2016-08-07 06:57:37] [INFOR] entered blog page
[2016-08-07 06:58:55] [INFOR] 王世豪 login success!
[2016-08-07 07:01:16] [INFOR] entered blog page
[2016-08-07 07:01:18] [INFOR] entered blog page
[2016-08-07 07:01:37] [INFOR] 王世豪 login success!
[2016-08-07 07:04:53] [INFOR] entered blog page
[2016-08-07 07:05:36] [INFOR] entered blog page
[2016-08-07 07:06:04] [INFOR] entered blog page
[2016-08-07 07:06:23] [INFOR] entered blog page
[2016-08-07 07:06:31] [INFOR] entered blog page
[2016-08-07 07:06:40] [INFOR] 王世豪 login success!
[2016-08-07 07:06:51] [INFOR] entered blog page
[2016-08-07 07:07:06] [INFOR] entered blog page
[2016-08-07 07:07:44] [INFOR] entered blog page
[2016-08-07 07:07:46] [INFOR] entered blog page
[2016-08-07 07:07:49] [INFOR] entered blog page
[2016-08-07 07:08:08] [INFOR] 王世豪 login success!
[2016-08-07 07:10:07] [INFOR] entered blog page
[2016-08-07 07:10:17] [INFOR] entered blog page
[2016-08-07 07:10:36] [INFOR] 王世豪 login success!
[2016-08-07 07:10:51] [INFOR] entered blog page
[2016-08-07 07:10:53] [INFOR] entered blog page
[2016-08-07 07:11:53] [INFOR] 王世豪 login success!
[2016-08-07 07:15:50] [INFOR] entered blog page
[2016-08-07 07:16:01] [INFOR] 王世豪 login success!
[2016-08-07 07:18:25] [INFOR] entered blog page
[2016-08-07 07:18:32] [INFOR] entered blog page
[2016-08-07 07:18:44] [INFOR] 王世豪 login success!
[2016-08-07 07:19:01] [INFOR] entered blog page
[2016-08-07 07:19:09] [INFOR] hahaha register success!
[2016-08-07 07:25:53] [INFOR] entered blog page
[2016-08-07 07:26:04] [INFOR] 王世豪 login success!
[2016-08-07 07:26:13] [INFOR] entered blog page
[2016-08-07 07:26:26] [INFOR] entered blog page
[2016-08-07 07:26:45] [INFOR] 王世豪 login success!
[2016-08-07 07:28:31] [INFOR] entered blog page
[2016-08-07 07:28:41] [INFOR] entered blog page
[2016-08-07 07:28:50] [INFOR] 王世豪 login success!
[2016-08-07 07:30:00] [INFOR] entered blog page
[2016-08-07 07:30:11] [INFOR] 王世豪 login success!
[2016-08-07 07:30:23] [INFOR] entered blog page
[2016-08-07 07:31:25] [INFOR] entered blog page
[2016-08-07 07:31:37] [INFOR] 王世豪 login success!
[2016-08-07 07:50:47] [INFOR] entered blog page
[2016-08-07 07:51:21] [INFOR] entered blog page
[2016-08-07 07:51:24] [INFOR] entered blog page
[2016-08-07 07:52:12] [INFOR] entered blog page
[2016-08-07 07:54:16] [INFOR] entered blog page
[2016-08-07 07:57:30] [INFOR] entered blog page
[2016-08-07 07:57:41] [INFOR] 王世豪 entered blog main page
[2016-08-07 07:58:57] [INFOR] entered blog page
[2016-08-07 08:04:00] [INFOR] entered blog page
[2016-08-07 08:04:12] [INFOR] 王世豪 login success!
[2016-08-07 08:11:11] [INFOR] entered blog page
[2016-08-07 08:13:48] [INFOR] entered blog page
[2016-08-07 08:17:05] [INFOR] entered blog page
[2016-08-07 08:17:10] [INFOR] 王世豪 entered blog main page
[2016-08-07 08:17:15] [INFOR] 王世豪 entered blog main page
[2016-08-07 08:17:16] [INFOR] 王世豪 entered blog main page
[2016-08-07 08:17:16] [INFOR] 王世豪 entered blog main page
[2016-08-07 08:17:16] [INFOR] 王世豪 entered blog main page
[2016-08-07 08:18:20] [INFOR] entered blog page
[2016-08-07 08:18:32] [INFOR] 王世豪 entered blog main page
[2016-08-07 08:21:53] [INFOR] entered blog page
[2016-08-07 08:21:59] [INFOR] entered blog page
[2016-08-07 08:22:04] [INFOR] 王世豪 entered blog main page
[2016-08-07 08:24:21] [INFOR] entered blog page
[2016-08-07 08:24:26] [INFOR] 王世豪 entered blog main page
[2016-08-07 08:33:28] [INFOR] entered blog page
[2016-08-07 08:41:51] [INFOR] entered blog page
[2016-08-07 08:42:49] [INFOR] entered blog page
[2016-08-07 08:43:20] [INFOR] entered blog page
[2016-08-07 08:43:25] [INFOR] 王世豪 entered blog main page
[2016-08-07 08:45:45] [INFOR] entered blog page
[2016-08-07 08:45:51] [INFOR] 王世豪 entered blog main page
[2016-08-07 08:47:34] [INFOR] entered blog page
[2016-08-07 08:47:39] [INFOR] 王世豪 entered blog main page
[2016-08-07 08:48:12] [INFOR] entered blog page
[2016-08-07 08:48:18] [INFOR] 王世豪 entered blog main page
[2016-08-07 08:49:29] [INFOR] 王世豪 entered blog main page
[2016-08-07 08:49:30] [INFOR] 王世豪 entered blog main page
[2016-08-07 08:49:30] [INFOR] 王世豪 entered blog main page
[2016-08-07 08:49:30] [INFOR] 王世豪 entered blog main page
[2016-08-07 08:49:30] [INFOR] 王世豪 entered blog main page
[2016-08-07 08:49:30] [INFOR] 王世豪 entered blog main page
[2016-08-07 08:51:52] [INFOR] entered blog page
[2016-08-07 08:54:04] [INFOR] entered blog page
[2016-08-07 08:56:30] [INFOR] entered blog page
[2016-08-07 08:56:31] [INFOR] entered blog page
[2016-08-07 08:56:35] [INFOR] entered blog page
[2016-08-07 09:01:57] [INFOR] entered blog page
[2016-08-07 09:02:36] [INFOR] entered blog page
[2016-08-07 09:02:39] [INFOR] entered blog page
[2016-08-07 09:04:52] [INFOR] entered blog page
[2016-08-07 09:04:54] [INFOR] entered blog page
[2016-08-07 09:05:08] [INFOR] entered blog page
[2016-08-07 09:05:14] [INFOR] entered blog page
[2016-08-07 09:05:19] [INFOR] entered blog page
[2016-08-07 09:05:23] [INFOR] entered blog page
[2016-08-07 09:06:02] [INFOR] entered blog page
[2016-08-07 09:06:06] [INFOR] entered blog page
[2016-08-07 09:06:09] [INFOR] entered blog page
[2016-08-07 09:06:11] [INFOR] entered blog page
[2016-08-07 09:06:35] [INFOR] entered blog page
[2016-08-07 09:06:38] [INFOR] entered blog page
[2016-08-07 09:07:29] [INFOR] entered blog page
[2016-08-07 09:26:03] [INFOR] entered blog page
[2016-08-07 09:26:39] [INFOR] entered blog page
[2016-08-07 09:31:12] [INFOR] entered blog page
[2016-08-07 09:31:15] [INFOR] entered blog page
[2016-08-07 09:31:38] [INFOR] 王世豪 login success!
[2016-08-07 09:34:08] [INFOR] entered blog page
[2016-08-07 09:34:12] [INFOR] entered blog page
[2016-08-07 09:48:49] [INFOR] entered blog page
[2016-08-07 09:49:02] [INFOR] 王世豪 login success!
[2016-08-07 09:49:35] [INFOR] entered blog page
[2016-08-07 09:49:40] [INFOR] entered blog page
[2016-08-07 09:50:02] [INFOR] entered blog page
[2016-08-07 09:50:17] [INFOR] 王世豪 logout success!
[2016-08-07 09:50:17] [INFOR] entered blog page
[2016-08-07 09:50:43] [INFOR] 王世豪 login success!
[2016-08-07 09:50:54] [INFOR] 王世豪 logout success!
[2016-08-07 09:50:54] [INFOR] entered blog page
[2016-08-07 09:51:27] [INFOR] entered blog page
[2016-08-07 09:51:43] [INFOR] 王世豪 login success!
[2016-08-07 09:52:07] [INFOR] 王世豪 logout success!
[2016-08-07 09:52:07] [INFOR] entered blog page
[2016-08-07 09:54:05] [INFOR] 王世豪 login success!
[2016-08-07 09:55:34] [INFOR] entered blog page
[2016-08-07 10:03:03] [INFOR] entered blog page
[2016-08-07 10:03:10] [INFOR] 王世豪 logout success!
[2016-08-07 10:03:10] [INFOR] entered blog page
[2016-08-07 10:03:15] [INFOR] entered blog page
[2016-08-07 10:03:24] [INFOR] entered blog page
[2016-08-07 10:03:54] [INFOR] 王世豪 login success!
[2016-08-07 10:06:20] [INFOR] entered blog page
[2016-08-07 10:06:21] [INFOR] entered blog page
[2016-08-07 10:06:27] [INFOR] entered blog page
[2016-08-07 10:07:57] [INFOR] entered blog page
[2016-08-07 10:08:11] [INFOR] entered blog page
[2016-08-07 10:12:30] [INFOR] entered blog page
[2016-08-07 10:12:40] [INFOR] entered blog page
[2016-08-07 10:21:06] [INFOR] entered blog page
[2016-08-07 10:21:14] [INFOR] entered blog page
[2016-08-07 10:23:54] [INFOR] entered blog page
[2016-08-07 10:23:59] [INFOR] entered blog page
[2016-08-07 10:24:25] [INFOR] entered blog page
[2016-08-07 10:26:02] [INFOR] entered blog page
[2016-08-07 10:26:11] [INFOR] entered blog page
[2016-08-07 10:27:28] [INFOR] entered blog page
[2016-08-07 10:27:42] [INFOR] entered blog page
[2016-08-07 10:27:47] [INFOR] entered blog page
[2016-08-07 10:27:47] [INFOR] entered blog page
[2016-08-07 10:28:06] [INFOR] entered blog page
[2016-08-07 10:28:15] [INFOR] entered blog page
[2016-08-07 10:28:32] [INFOR] entered blog page
[2016-08-07 10:28:54] [INFOR] entered blog page
[2016-08-07 10:30:31] [INFOR] entered blog page
[2016-08-07 10:30:33] [INFOR] entered blog page
[2016-08-07 10:30:41] [INFOR] entered blog page
[2016-08-07 10:30:49] [INFOR] entered blog page
[2016-08-07 10:31:27] [INFOR] entered blog page
[2016-08-07 10:31:32] [INFOR] entered blog page
[2016-08-07 10:32:05] [INFOR] entered blog page
[2016-08-07 10:32:13] [INFOR] entered blog page
[2016-08-07 10:33:43] [INFOR] entered blog page
[2016-08-07 10:33:53] [INFOR] entered blog page
[2016-08-07 10:36:03] [INFOR] entered blog page
[2016-08-07 10:36:25] [INFOR] entered blog page
[2016-08-07 10:36:27] [INFOR] entered blog page
[2016-08-07 10:37:13] [INFOR] entered blog page
[2016-08-07 10:37:21] [INFOR] entered blog page
[2016-08-07 10:37:29] [INFOR] entered blog page
[2016-08-07 10:38:06] [INFOR] entered blog page
[2016-08-07 10:39:14] [INFOR] 王世豪 logout success!
[2016-08-07 10:39:14] [INFOR] entered blog page
[2016-08-07 10:41:15] [INFOR] entered blog page
[2016-08-07 10:42:05] [INFOR] entered blog page
[2016-08-07 10:43:00] [INFOR] entered blog page
[2016-08-07 10:44:31] [INFOR] entered blog page
[2016-08-07 10:47:52] [INFOR] 王世豪 login success!
[2016-08-07 10:49:14] [INFOR] entered blog page
[2016-08-07 10:49:17] [INFOR] 王世豪 logout success!
[2016-08-07 10:49:17] [INFOR] entered blog page
[2016-08-07 10:49:31] [INFOR] 王世豪 login success!
[2016-08-07 10:49:38] [INFOR] entered blog page
[2016-08-07 10:49:40] [INFOR] 王世豪 logout success!
[2016-08-07 10:49:40] [INFOR] entered blog page
[2016-08-07 10:49:49] [INFOR] 王世豪 login success!
[2016-08-07 10:50:19] [INFOR] entered blog page
[2016-08-07 10:51:06] [INFOR] entered blog page
[2016-08-07 10:51:14] [INFOR] 王世豪 logout success!
[2016-08-07 10:51:14] [INFOR] entered blog page
[2016-08-07 10:51:25] [INFOR] 王世豪 login success!
[2016-08-07 10:51:52] [INFOR] 王世豪 logout success!
[2016-08-07 10:51:52] [INFOR] entered blog page
[2016-08-07 10:52:01] [INFOR] 王世豪 login success!
[2016-08-07 10:53:29] [INFOR] entered blog page
[2016-08-07 10:53:33] [INFOR] 王世豪 logout success!
[2016-08-07 10:53:33] [INFOR] entered blog page
[2016-08-07 10:53:36] [INFOR] entered blog page
[2016-08-07 10:53:44] [INFOR] 王世豪 login success!
[2016-08-07 10:54:33] [INFOR] 王世豪 logout success!
[2016-08-07 10:54:33] [INFOR] entered blog page
[2016-08-07 10:54:36] [INFOR] entered blog page
[2016-08-07 10:54:38] [INFOR] entered blog page
[2016-08-07 10:54:47] [INFOR] 王世豪 login success!
[2016-08-07 10:56:04] [INFOR] entered blog page
[2016-08-07 10:56:05] [INFOR] 王世豪 logout success!
[2016-08-07 10:56:05] [INFOR] entered blog page
[2016-08-07 10:56:13] [INFOR] 王世豪 login success!
[2016-08-07 10:56:31] [INFOR] entered blog page
[2016-08-07 10:56:40] [INFOR] 王世豪 logout success!
[2016-08-07 10:56:40] [INFOR] entered blog page
[2016-08-07 10:56:55] [INFOR] 王世豪 login success!
[2016-08-07 10:57:04] [INFOR] 王世豪 logout success!
[2016-08-07 10:57:04] [INFOR] entered blog page
[2016-08-07 10:57:12] [INFOR] 王世豪 login success!
[2016-08-07 10:57:20] [INFOR] entered blog page
[2016-08-07 10:58:42] [INFOR] entered blog page
[2016-08-07 10:58:55] [INFOR] entered blog page
[2016-08-07 10:59:04] [INFOR] entered blog page
[2016-08-07 10:59:54] [INFOR] entered blog page
[2016-08-07 11:04:17] [INFOR] entered blog page
[2016-08-07 11:09:48] [INFOR] entered blog page
[2016-08-07 11:16:34] [INFOR] entered blog page
[2016-08-07 11:17:32] [INFOR] entered blog page
[2016-08-07 11:17:48] [INFOR] 王世豪 logout success!
[2016-08-07 11:17:48] [INFOR] entered blog page
[2016-08-07 11:20:37] [INFOR] entered blog page
[2016-08-07 11:22:05] [INFOR] entered blog page
[2016-08-07 11:22:15] [INFOR] 王世豪 login success!
[2016-08-07 11:22:22] [INFOR] entered blog page
[2016-08-07 11:23:39] [INFOR] entered blog page
[2016-08-07 11:23:51] [INFOR] entered blog page
[2016-08-07 11:25:25] [INFOR] entered blog page
[2016-08-07 11:25:43] [INFOR] entered blog page
[2016-08-07 11:27:13] [INFOR] entered blog page
[2016-08-07 11:28:13] [INFOR] entered blog page
[2016-08-07 11:30:43] [INFOR] entered blog page
[2016-08-07 11:30:58] [INFOR] entered blog page
[2016-08-07 11:31:02] [INFOR] entered blog page
[2016-08-07 11:31:10] [INFOR] entered blog page
[2016-08-07 11:31:18] [INFOR] entered blog page
[2016-08-07 11:35:14] [INFOR] entered blog page
[2016-08-07 11:35:34] [INFOR] entered blog page
[2016-08-07 11:43:17] [INFOR] entered blog page
[2016-08-07 11:43:23] [INFOR] entered blog page
[2016-08-07 11:43:33] [INFOR] 王世豪 login success!
[2016-08-07 11:44:02] [INFOR] 王世豪 logout success!
[2016-08-07 11:44:02] [INFOR] entered blog page
[2016-08-07 11:44:22] [INFOR] 王世豪 login success!
[2016-08-07 11:53:33] [INFOR] entered blog page
[2016-08-07 11:53:38] [INFOR] entered blog page
[2016-08-07 11:53:48] [INFOR] 王世豪 logout success!
[2016-08-07 11:53:48] [INFOR] entered blog page
[2016-08-07 11:54:48] [INFOR] entered blog page
[2016-08-07 11:54:57] [INFOR] entered blog page
[2016-08-07 11:57:01] [INFOR] entered blog page
[2016-08-07 11:57:14] [INFOR] 王世豪 login success!
[2016-08-07 11:57:22] [INFOR] 王世豪 logout success!
[2016-08-07 11:57:22] [INFOR] entered blog page
[2016-08-07 11:57:31] [INFOR] 王世豪 login success!
[2016-08-07 11:57:34] [INFOR] entered blog page
[2016-08-07 11:57:38] [INFOR] entered blog page
[2016-08-07 12:02:46] [INFOR] entered blog page
[2016-08-07 12:05:17] [INFOR] entered blog page
[2016-08-07 12:05:28] [INFOR] 王世豪 logout success!
[2016-08-07 12:05:28] [INFOR] entered blog page
[2016-08-07 12:05:36] [INFOR] 王世豪 login success!
[2016-08-07 12:14:58] [INFOR] entered blog page
[2016-08-07 12:15:45] [INFOR] entered blog page
[2016-08-08 02:43:54] [INFOR] entered blog page
[2016-08-08 03:22:55] [INFOR] entered blog page
[2016-08-08 03:25:53] [INFOR] entered blog page
[2016-08-08 03:26:16] [INFOR] entered blog page
[2016-08-11 01:04:17] [INFOR] entered blog page
[2016-08-11 02:23:07] [INFOR] 王世豪 login success!
[2016-08-11 03:44:41] [INFOR] entered blog page
[2016-08-11 03:44:55] [INFOR] entered blog page
[2016-08-11 03:45:07] [INFOR] entered blog page
[2016-08-11 03:45:12] [INFOR] entered blog page
[2016-08-11 05:22:14] [INFOR] 王世豪 logout success!
[2016-08-11 05:22:14] [INFOR] entered blog page
[2016-08-12 01:15:17] [INFOR] entered blog page
[2016-08-12 01:30:01] [INFOR] entered blog page
[2016-08-12 01:30:10] [INFOR] entered blog page
[2016-08-12 01:30:14] [INFOR] entered blog page
[2016-08-12 01:30:27] [INFOR] entered blog page
[2016-08-12 02:48:30] [INFOR] entered blog page
[2016-08-12 09:18:16] [INFOR] entered blog page
[2016-08-12 09:18:44] [INFOR] 王世豪 login success!
[2016-08-12 09:19:50] [INFOR] entered blog page
[2016-08-12 09:23:27] [INFOR] entered blog page
[2016-08-12 09:23:30] [INFOR] 王世豪 logout success!
[2016-08-12 09:23:30] [INFOR] entered blog page
[2016-08-12 15:03:24] [INFOR] entered blog page
[2016-08-12 15:06:22] [INFOR] entered blog page
[2016-08-12 15:07:46] [INFOR] entered blog page
[2016-08-12 15:08:14] [INFOR] 王世豪 login success!
[2016-08-12 15:08:57] [INFOR] entered blog page
[2016-08-12 15:10:13] [INFOR] entered blog page
[2016-08-12 16:03:28] [INFOR] 王世豪 logout success!
[2016-08-12 16:03:28] [INFOR] entered blog page
[2016-08-12 16:03:30] [INFOR] entered blog page
[2016-08-12 16:20:35] [INFOR] 王世豪 login success!
[2016-08-15 01:24:21] [INFOR] entered blog page
[2016-08-16 03:32:30] [INFOR] entered blog page
[2016-08-16 03:33:41] [INFOR] 王世豪 login success!
[2016-08-16 04:00:05] [INFOR] entered blog page
[2016-08-16 05:11:24] [INFOR] entered blog page
[2016-08-16 05:39:09] [INFOR] entered blog page
[2016-08-16 06:46:22] [INFOR] entered blog page
[2016-08-16 06:46:33] [INFOR] 王世豪 login success!
[2016-08-16 06:58:37] [INFOR] entered blog page
[2016-08-16 07:05:02] [INFOR] entered blog page
[2016-08-16 07:05:45] [INFOR] entered blog page
[2016-08-16 07:13:18] [INFOR] entered blog page
[2016-08-16 07:22:22] [INFOR] entered blog page
[2016-08-16 08:02:25] [INFOR] entered blog page
[2016-08-16 08:02:58] [INFOR] entered blog page
[2016-08-16 08:04:25] [INFOR] entered blog page
[2016-08-16 08:10:59] [INFOR] entered blog page
[2016-08-17 01:11:16] [INFOR] entered blog page
[2016-08-17 01:11:19] [INFOR] entered blog page
[2016-08-17 10:39:19] [INFOR] 王世豪 login success!
[2016-08-18 09:51:36] [INFOR] entered blog page
[2016-08-18 09:51:41] [INFOR] entered blog page
[2016-08-19 07:23:13] [INFOR] entered blog page
[2016-08-29 14:06:11] [INFOR] entered blog page
[2016-08-29 14:06:25] [ERROR] login err : username or password is wrong
[2016-08-29 14:06:33] [ERROR] login err : username or password is wrong
[2016-08-29 14:06:40] [INFOR] wsh register success!
[2016-08-29 14:06:50] [INFOR] wsh logout success!
[2016-08-29 14:06:50] [INFOR] entered blog page
[2016-08-29 14:07:06] [INFOR] 王世豪 login success!
[2016-08-31 12:35:17] [INFOR] entered blog page
[2016-08-31 13:18:53] [INFOR] entered blog page
[2016-08-31 13:39:09] [INFOR] entered blog page
[2016-08-31 13:40:38] [INFOR] entered blog page
[2016-08-31 13:41:29] [INFOR] entered blog page
[2016-08-31 13:42:50] [INFOR] entered blog page
[2016-08-31 13:43:05] [INFOR] entered blog page
[2016-08-31 13:43:54] [INFOR] entered blog page
[2016-08-31 13:46:11] [INFOR] entered blog page
[2016-08-31 13:46:52] [INFOR] entered blog page
[2016-08-31 13:49:25] [INFOR] entered blog page
[2016-08-31 13:51:13] [INFOR] entered blog page
[2016-08-31 13:52:00] [INFOR] entered blog page
[2016-08-31 13:52:11] [INFOR] entered blog page
[2016-08-31 13:52:24] [INFOR] entered blog page
[2016-08-31 13:55:54] [INFOR] entered blog page
[2016-08-31 13:56:21] [INFOR] entered blog page
[2016-08-31 13:56:44] [INFOR] entered blog page
[2016-08-31 13:57:01] [INFOR] entered blog page
[2016-08-31 13:58:08] [INFOR] entered blog page
[2016-08-31 13:58:50] [INFOR] entered blog page
[2016-08-31 14:19:31] [INFOR] entered blog page
[2016-08-31 14:19:54] [INFOR] entered blog page
[2016-08-31 14:25:15] [INFOR] entered blog page
[2016-08-31 14:27:03] [INFOR] entered blog page
[2016-08-31 14:27:27] [INFOR] entered blog page
[2016-08-31 14:34:54] [INFOR] entered blog page
[2016-08-31 14:35:19] [INFOR] entered blog page
[2016-08-31 14:36:45] [INFOR] entered blog page
[2016-08-31 14:38:12] [INFOR] entered blog page
[2016-08-31 14:48:18] [INFOR] entered blog page
[2016-08-31 14:48:29] [INFOR] entered blog page
[2016-08-31 14:52:04] [INFOR] entered blog page
[2016-08-31 14:53:22] [INFOR] entered blog page
[2016-08-31 14:54:07] [INFOR] entered blog page
[2016-08-31 14:54:57] [INFOR] entered blog page
[2016-08-31 14:55:46] [INFOR] entered blog page
[2016-08-31 15:32:58] [INFOR] entered blog page
[2016-08-31 15:33:44] [INFOR] entered blog page
[2016-08-31 15:34:32] [INFOR] entered blog page
[2016-09-01 02:36:59] [INFOR] entered blog page
[2016-09-01 02:38:02] [INFOR] entered blog page
[2016-09-01 02:38:38] [INFOR] entered blog page
[2016-09-01 02:38:55] [INFOR] entered blog page
[2016-09-01 02:39:13] [INFOR] entered blog page
[2016-09-01 02:44:45] [INFOR] entered blog page
[2016-09-01 02:45:21] [INFOR] entered blog page
[2016-09-01 02:45:52] [INFOR] entered blog page
[2016-09-01 02:49:06] [INFOR] entered blog page
[2016-09-01 02:49:46] [INFOR] entered blog page
[2016-09-01 02:50:35] [INFOR] entered blog page
[2016-09-01 02:55:17] [INFOR] entered blog page
[2016-09-01 02:55:18] [INFOR] entered blog page
[2016-09-01 02:55:53] [INFOR] entered blog page
[2016-09-01 02:56:15] [INFOR] entered blog page
[2016-09-01 02:56:59] [INFOR] entered blog page
[2016-09-01 02:58:38] [INFOR] entered blog page
[2016-09-01 03:01:55] [INFOR] entered blog page
[2016-09-01 03:02:54] [INFOR] entered blog page
[2016-09-01 03:03:39] [INFOR] entered blog page
[2016-09-01 03:05:39] [INFOR] entered blog page
[2016-09-01 03:07:06] [INFOR] entered blog page
[2016-09-01 03:11:16] [INFOR] entered blog page
[2016-09-01 03:15:07] [INFOR] entered blog page
[2016-09-01 03:15:58] [INFOR] entered blog page
[2016-09-01 03:18:22] [INFOR] entered blog page
[2016-09-01 03:19:30] [INFOR] entered blog page
[2016-09-01 03:20:55] [INFOR] entered blog page
[2016-09-01 03:22:42] [INFOR] entered blog page
[2016-09-01 03:35:14] [INFOR] entered blog page
[2016-09-01 03:39:18] [INFOR] entered blog page
[2016-09-01 03:40:59] [INFOR] entered blog page
[2016-09-01 03:42:42] [INFOR] entered blog page
[2016-09-01 03:45:37] [INFOR] entered blog page
[2016-09-01 03:58:01] [INFOR] entered blog page
[2016-09-01 05:22:23] [INFOR] entered blog page
[2016-09-01 05:24:32] [INFOR] entered blog page
[2016-09-01 05:28:21] [INFOR] entered blog page
[2016-09-01 05:29:28] [INFOR] entered blog page
[2016-09-01 06:02:11] [INFOR] entered blog page
[2016-09-01 06:03:40] [INFOR] entered blog page
[2016-09-01 06:04:00] [INFOR] entered blog page
[2016-09-01 06:04:22] [INFOR] entered blog page
[2016-09-01 06:05:04] [INFOR] entered blog page
[2016-09-01 06:05:37] [INFOR] entered blog page
[2016-09-01 06:11:34] [INFOR] entered blog page
[2016-09-02 01:06:52] [INFOR] entered blog page
[2016-09-02 01:16:48] [INFOR] entered blog page
[2016-09-02 01:18:34] [INFOR] entered blog page
[2016-09-02 01:22:44] [INFOR] entered blog page
[2016-09-02 01:22:56] [INFOR] entered blog page
[2016-09-02 01:25:42] [INFOR] entered blog page
[2016-09-02 01:26:39] [INFOR] entered blog page
[2016-09-02 01:27:54] [INFOR] entered blog page
[2016-09-03 02:12:05] [INFOR] entered blog page
[2016-09-03 02:12:49] [INFOR] entered blog page
[2016-09-03 02:53:38] [INFOR] entered blog page
[2016-09-03 02:55:16] [INFOR] entered blog page
[2016-09-03 02:55:59] [INFOR] entered blog page
[2016-09-03 02:56:33] [INFOR] entered blog page
[2016-09-03 02:57:57] [INFOR] entered blog page
[2016-09-03 02:58:02] [INFOR] entered blog page
[2016-09-03 02:59:42] [INFOR] entered blog page
[2016-09-03 03:00:04] [INFOR] entered blog page
[2016-09-03 03:00:53] [INFOR] entered blog page
[2016-09-03 03:10:10] [INFOR] entered blog page
[2016-09-03 03:13:36] [INFOR] entered blog page
[2016-09-03 03:13:38] [INFOR] entered blog page
[2016-09-03 03:13:39] [INFOR] entered blog page
[2016-09-03 03:13:40] [INFOR] entered blog page
[2016-09-03 03:13:55] [INFOR] entered blog page
[2016-09-03 03:14:07] [INFOR] entered blog page
[2016-09-03 03:14:44] [INFOR] entered blog page
[2016-09-03 03:16:44] [INFOR] entered blog page
[2016-09-03 03:23:37] [INFOR] entered blog page
[2016-09-03 03:24:40] [INFOR] entered blog page
[2016-09-03 03:26:15] [INFOR] entered blog page
[2016-09-03 03:26:59] [INFOR] entered blog page
[2016-09-03 03:27:35] [INFOR] entered blog page
[2016-09-03 03:27:49] [INFOR] entered blog page
[2016-09-03 03:28:20] [INFOR] entered blog page
[2016-09-03 03:28:22] [INFOR] entered blog page
[2016-09-03 03:28:45] [INFOR] entered blog page
[2016-09-03 05:56:55] [INFOR] entered blog page
[2016-09-04 00:57:38] [INFOR] entered blog page
[2016-09-04 12:03:16] [INFOR] entered blog page
[2016-09-04 12:18:55] [INFOR] entered blog page
[2016-09-04 12:19:09] [INFOR] entered blog page
[2016-09-04 12:19:12] [INFOR] entered blog page
[2016-09-04 12:19:27] [INFOR] entered blog page
[2016-09-04 12:26:10] [INFOR] entered blog page
[2016-09-04 12:27:27] [INFOR] entered blog page
[2016-09-04 12:28:56] [INFOR] entered blog page
[2016-09-04 12:30:00] [INFOR] entered blog page
[2016-09-04 12:30:37] [INFOR] entered blog page
[2016-09-04 12:32:14] [INFOR] entered blog page
[2016-09-04 12:34:27] [INFOR] entered blog page
[2016-09-04 12:35:47] [INFOR] entered blog page
[2016-09-04 12:39:13] [INFOR] entered blog page
[2016-09-04 12:39:32] [INFOR] entered blog page
[2016-09-04 12:40:11] [INFOR] entered blog page
[2016-09-04 12:41:30] [INFOR] entered blog page
[2016-09-04 12:42:35] [INFOR] entered blog page
[2016-09-04 12:43:10] [INFOR] entered blog page
[2016-09-04 12:44:30] [INFOR] entered blog page
[2016-09-04 12:44:33] [INFOR] entered blog page
[2016-09-04 12:45:39] [INFOR] entered blog page
[2016-09-04 12:46:39] [INFOR] entered blog page
[2016-09-04 12:47:15] [INFOR] entered blog page
[2016-09-04 12:48:47] [INFOR] entered blog page
[2016-09-04 12:50:34] [INFOR] entered blog page
[2016-09-04 12:56:24] [INFOR] entered blog page
[2016-09-04 12:58:27] [INFOR] entered blog page
[2016-09-04 13:04:41] [INFOR] entered blog page
[2016-09-04 13:06:04] [INFOR] entered blog page
[2016-09-04 13:06:23] [INFOR] entered blog page
[2016-09-04 13:07:01] [INFOR] entered blog page
[2016-09-04 13:09:42] [INFOR] entered blog page
[2016-09-04 13:11:16] [INFOR] entered blog page
[2016-09-04 13:34:43] [INFOR] entered blog page
[2016-09-04 13:34:57] [INFOR] entered blog page
[2016-09-04 13:35:17] [INFOR] entered blog page
[2016-09-04 13:46:50] [INFOR] entered blog page
[2016-09-04 13:48:01] [INFOR] entered blog page
[2016-09-04 13:48:31] [INFOR] entered blog page
[2016-09-04 13:49:42] [INFOR] entered blog page
[2016-09-04 13:50:19] [INFOR] entered blog page
[2016-09-04 13:50:35] [INFOR] entered blog page
[2016-09-04 13:50:44] [INFOR] entered blog page
[2016-09-04 13:50:49] [INFOR] entered blog page
[2016-09-04 13:51:47] [INFOR] entered blog page
[2016-09-04 13:51:55] [INFOR] entered blog page
[2016-09-04 13:52:01] [INFOR] entered blog page
[2016-09-04 13:53:25] [INFOR] entered blog page
[2016-09-04 13:53:33] [INFOR] entered blog page
[2016-09-04 13:53:57] [INFOR] entered blog page
[2016-09-04 14:05:56] [INFOR] entered blog page
[2016-09-04 14:06:32] [INFOR] entered blog page
[2016-09-04 14:08:37] [INFOR] entered blog page
[2016-09-04 14:08:49] [INFOR] entered blog page
[2016-09-04 14:08:50] [INFOR] entered blog page
[2016-09-04 14:10:08] [INFOR] entered blog page
[2016-09-04 14:10:58] [INFOR] entered blog page
[2016-09-04 14:11:34] [INFOR] entered blog page
[2016-09-04 14:13:15] [INFOR] entered blog page
[2016-09-04 14:13:34] [INFOR] entered blog page
[2016-09-04 14:16:48] [INFOR] entered blog page
[2016-09-04 14:19:47] [INFOR] entered blog page
[2016-09-04 14:20:16] [INFOR] entered blog page
[2016-09-05 01:48:51] [INFOR] entered blog page
[2016-09-05 02:09:18] [INFOR] entered blog page
[2016-09-05 02:09:27] [INFOR] entered blog page
[2016-09-05 05:26:51] [INFOR] entered blog page
[2016-09-05 05:26:54] [INFOR] entered blog page
[2016-09-05 05:30:13] [INFOR] entered blog page
[2016-09-05 05:30:40] [INFOR] entered blog page
[2016-09-05 05:31:55] [INFOR] entered blog page
[2016-09-05 05:33:02] [INFOR] entered blog page
[2016-09-05 05:33:54] [INFOR] entered blog page
[2016-09-05 05:36:46] [INFOR] entered blog page
[2016-09-05 12:44:02] [INFOR] entered blog page
[2016-09-05 12:47:32] [INFOR] entered blog page
[2016-09-05 12:47:40] [INFOR] entered blog page
[2016-09-05 12:49:55] [INFOR] entered blog page
[2016-09-05 12:51:03] [INFOR] entered blog page
[2016-09-05 12:52:28] [INFOR] entered blog page
[2016-09-05 12:52:45] [INFOR] entered blog page
[2016-09-05 12:52:51] [INFOR] entered blog page
[2016-09-05 12:53:06] [INFOR] entered blog page
[2016-09-05 12:53:22] [INFOR] entered blog page
[2016-09-05 12:53:55] [INFOR] entered blog page
[2016-09-05 12:54:53] [INFOR] entered blog page
[2016-09-05 12:55:08] [INFOR] entered blog page
[2016-09-05 12:55:51] [INFOR] entered blog page
[2016-09-05 12:56:27] [INFOR] entered blog page
[2016-09-05 12:57:19] [INFOR] entered blog page
[2016-09-05 12:58:45] [INFOR] entered blog page
[2016-09-05 12:59:27] [INFOR] entered blog page
[2016-09-05 13:01:32] [INFOR] entered blog page
[2016-09-05 13:02:07] [INFOR] entered blog page
[2016-09-05 13:03:34] [INFOR] entered blog page
[2016-09-05 13:04:00] [INFOR] entered blog page
[2016-09-05 13:04:23] [INFOR] entered blog page
[2016-09-05 13:04:28] [INFOR] entered blog page
[2016-09-05 13:04:30] [INFOR] entered blog page
[2016-09-05 13:04:34] [INFOR] entered blog page
[2016-09-05 13:04:39] [INFOR] entered blog page
[2016-09-05 13:04:41] [INFOR] entered blog page
[2016-09-05 13:18:05] [INFOR] entered blog page
[2016-09-05 13:19:08] [INFOR] entered blog page
[2016-09-05 13:19:50] [INFOR] entered blog page
[2016-09-05 13:20:54] [INFOR] entered blog page
[2016-09-05 13:22:27] [INFOR] entered blog page
[2016-09-05 13:23:21] [INFOR] entered blog page
[2016-09-05 13:23:39] [INFOR] entered blog page
[2016-09-05 13:30:10] [INFOR] entered blog page
[2016-09-05 13:31:30] [INFOR] entered blog page
[2016-09-05 13:33:36] [INFOR] entered blog page
[2016-09-05 13:49:59] [INFOR] entered blog page
[2016-09-05 13:53:38] [INFOR] entered blog page
[2016-09-05 13:53:54] [INFOR] entered blog page
[2016-09-06 01:32:34] [INFOR] entered blog page
[2016-09-06 11:10:53] [INFOR] entered blog page
[2016-09-06 11:13:05] [INFOR] entered blog page
[2016-09-06 11:13:10] [INFOR] entered blog page
[2016-09-06 11:13:56] [INFOR] entered blog page
[2016-09-06 11:14:25] [INFOR] entered blog page
[2016-09-06 11:16:58] [INFOR] entered blog page
[2016-09-06 11:17:09] [INFOR] entered blog page
[2016-09-06 11:17:52] [INFOR] entered blog page
[2016-09-06 11:19:20] [INFOR] entered blog page
[2016-09-06 11:19:42] [INFOR] entered blog page
[2016-09-06 11:20:39] [INFOR] entered blog page
[2016-09-06 11:21:10] [INFOR] entered blog page
[2016-09-06 11:21:27] [INFOR] entered blog page
[2016-09-06 11:21:40] [INFOR] entered blog page
[2016-09-06 11:21:48] [INFOR] entered blog page
[2016-09-06 11:22:32] [INFOR] entered blog page
[2016-09-06 11:22:51] [INFOR] entered blog page
[2016-09-06 11:23:00] [INFOR] entered blog page
[2016-09-06 11:25:47] [INFOR] entered blog page
[2016-09-06 12:42:25] [INFOR] entered blog page
[2016-09-06 12:50:31] [INFOR] entered blog page
[2016-09-06 12:50:57] [INFOR] entered blog page
[2016-09-06 12:52:50] [INFOR] entered blog page
[2016-09-06 12:54:38] [INFOR] entered blog page
[2016-09-06 12:57:10] [INFOR] entered blog page
[2016-09-06 12:57:12] [INFOR] entered blog page
[2016-09-06 13:09:52] [INFOR] entered blog page
[2016-09-06 13:10:46] [INFOR] entered blog page
[2016-09-06 13:13:25] [INFOR] entered blog page
[2016-09-06 13:14:48] [INFOR] entered blog page
[2016-09-06 13:16:58] [INFOR] entered blog page
[2016-09-06 13:17:54] [INFOR] entered blog page
[2016-09-06 13:18:19] [INFOR] entered blog page
[2016-09-06 13:20:35] [INFOR] entered blog page
[2016-09-06 13:21:34] [INFOR] entered blog page
[2016-09-06 13:22:06] [INFOR] entered blog page
[2016-09-06 13:25:39] [INFOR] entered blog page
[2016-09-06 13:30:37] [INFOR] entered blog page
[2016-09-06 13:30:57] [INFOR] entered blog page
[2016-09-06 13:31:56] [INFOR] entered blog page
[2016-09-06 13:33:37] [INFOR] entered blog page
[2016-09-06 13:34:24] [INFOR] entered blog page
[2016-09-06 13:37:18] [INFOR] entered blog page
[2016-09-06 13:38:32] [INFOR] entered blog page
[2016-09-06 13:39:00] [INFOR] entered blog page
[2016-09-06 13:39:24] [INFOR] entered blog page
[2016-09-06 13:39:46] [INFOR] entered blog page
[2016-09-06 13:41:04] [INFOR] entered blog page
[2016-09-06 13:43:00] [INFOR] entered blog page
[2016-09-06 13:43:35] [INFOR] entered blog page
[2016-09-06 13:44:05] [INFOR] entered blog page
[2016-09-06 13:44:40] [INFOR] entered blog page
[2016-09-06 13:50:32] [INFOR] entered blog page
[2016-09-06 13:51:04] [INFOR] entered blog page
[2016-09-06 13:51:08] [INFOR] entered blog page
[2016-09-06 13:51:09] [INFOR] entered blog page
[2016-09-06 13:54:26] [INFOR] entered blog page
[2016-09-06 13:58:06] [INFOR] entered blog page
[2016-09-06 13:58:16] [INFOR] entered blog page
[2016-09-06 13:59:25] [INFOR] entered blog page
[2016-09-06 14:00:10] [INFOR] entered blog page
[2016-09-06 14:01:37] [INFOR] entered blog page
[2016-09-06 14:01:44] [INFOR] entered blog page
[2016-09-06 14:11:01] [INFOR] entered blog page
[2016-09-06 14:11:41] [INFOR] entered blog page
[2016-09-06 14:25:29] [INFOR] entered blog page
[2016-09-06 14:25:49] [INFOR] entered blog page
[2016-09-06 14:26:06] [INFOR] entered blog page
[2016-09-06 14:26:13] [INFOR] entered blog page
[2016-09-06 14:29:32] [INFOR] entered blog page
[2016-09-06 14:29:54] [INFOR] entered blog page
[2016-09-06 14:30:13] [INFOR] entered blog page
[2016-09-06 14:30:39] [INFOR] entered blog page
[2016-09-06 14:31:04] [INFOR] entered blog page
[2016-09-06 14:34:48] [INFOR] entered blog page
[2016-09-06 14:35:10] [INFOR] entered blog page
[2016-09-06 14:35:28] [INFOR] entered blog page
[2016-09-06 14:36:20] [INFOR] entered blog page
[2016-09-06 14:36:53] [INFOR] entered blog page
[2016-09-06 14:40:54] [INFOR] entered blog page
[2016-09-06 14:41:03] [INFOR] entered blog page
[2016-09-06 14:44:56] [INFOR] entered blog page
[2016-09-06 14:48:29] [INFOR] entered blog page
[2016-09-06 14:51:08] [INFOR] entered blog page
[2016-09-06 14:51:51] [INFOR] entered blog page
[2016-09-06 14:54:55] [INFOR] entered blog page
[2016-09-06 14:56:46] [INFOR] entered blog page
[2016-09-06 14:57:28] [INFOR] entered blog page
[2016-09-06 14:58:39] [INFOR] entered blog page
[2016-09-06 14:59:20] [INFOR] entered blog page
[2016-09-06 14:59:23] [INFOR] entered blog page
[2016-09-06 15:00:12] [INFOR] entered blog page
[2016-09-06 15:00:36] [INFOR] entered blog page
[2016-09-06 15:01:32] [INFOR] entered blog page
[2016-09-06 15:02:50] [INFOR] entered blog page
[2016-09-06 15:02:54] [INFOR] entered blog page
[2016-09-06 15:04:41] [INFOR] entered blog page
[2016-09-06 15:05:03] [INFOR] entered blog page
[2016-09-06 15:05:47] [INFOR] entered blog page
[2016-09-06 15:05:54] [INFOR] entered blog page
[2016-09-06 15:06:07] [INFOR] entered blog page
[2016-09-06 15:06:33] [INFOR] entered blog page
[2016-09-06 15:07:11] [INFOR] entered blog page
[2016-09-06 15:08:00] [INFOR] entered blog page
[2016-09-06 15:14:16] [INFOR] entered blog page
[2016-09-06 15:14:47] [INFOR] entered blog page
[2016-09-06 15:15:48] [INFOR] entered blog page
[2016-09-06 15:16:03] [INFOR] entered blog page
[2016-09-06 15:16:08] [INFOR] entered blog page
[2016-09-06 15:16:14] [INFOR] entered blog page
[2016-09-06 15:16:43] [INFOR] entered blog page
[2016-09-06 15:16:52] [INFOR] entered blog page
[2016-09-06 15:17:07] [INFOR] entered blog page
[2016-09-06 15:17:24] [INFOR] entered blog page
[2016-09-07 01:03:39] [INFOR] entered blog page
[2016-09-07 01:04:39] [INFOR] entered blog page
[2016-09-07 01:06:34] [INFOR] entered blog page
[2016-09-07 01:25:11] [INFOR] entered blog page
[2016-09-07 09:28:37] [INFOR] entered blog page
[2016-09-07 09:45:48] [INFOR] entered blog page
[2016-09-07 09:56:48] [INFOR] entered blog page
[2016-09-07 09:57:18] [INFOR] entered blog page
[2016-09-07 10:18:25] [INFOR] entered blog page
[2016-09-08 01:36:27] [INFOR] entered blog page
[2016-09-08 01:39:13] [INFOR] entered blog page
[2016-09-08 01:39:50] [INFOR] entered blog page
[2016-09-08 07:16:37] [INFOR] entered blog page
[2016-09-08 07:19:14] [INFOR] entered blog page
[2016-09-08 07:38:55] [INFOR] entered blog page
[2016-09-08 07:40:13] [INFOR] entered blog page
[2016-09-08 08:11:00] [INFOR] entered blog page
[2016-09-08 08:57:34] [INFOR] entered blog page
[2016-09-08 08:57:48] [INFOR] entered blog page
[2016-09-08 08:58:10] [INFOR] entered blog page
[2016-09-08 08:58:35] [INFOR] entered blog page
[2016-09-08 08:58:37] [INFOR] entered blog page
[2016-09-08 08:58:51] [INFOR] entered blog page
[2016-09-08 08:59:33] [INFOR] entered blog page
[2016-09-08 08:59:45] [INFOR] entered blog page
[2016-09-08 09:00:06] [INFOR] entered blog page
[2016-09-08 09:00:33] [INFOR] entered blog page
[2016-09-08 09:01:15] [INFOR] entered blog page
[2016-09-08 09:02:33] [INFOR] entered blog page
[2016-09-08 09:07:13] [INFOR] entered blog page
[2016-09-08 09:07:25] [INFOR] entered blog page
[2016-09-08 09:18:53] [INFOR] entered blog page
[2016-09-08 09:19:04] [INFOR] entered blog page
[2016-09-08 09:23:08] [INFOR] entered blog page
[2016-09-08 09:24:44] [INFOR] entered blog page
[2016-09-08 09:25:30] [INFOR] entered blog page
[2016-09-08 09:26:55] [INFOR] entered blog page
[2016-09-08 09:27:13] [INFOR] entered blog page
[2016-09-08 09:27:40] [INFOR] entered blog page
[2016-09-08 09:30:19] [INFOR] entered blog page
[2016-09-08 09:32:00] [INFOR] entered blog page
[2016-09-08 09:33:34] [INFOR] entered blog page
[2016-09-08 09:35:09] [INFOR] entered blog page
[2016-09-08 09:40:56] [INFOR] entered blog page
[2016-09-08 09:42:24] [INFOR] entered blog page
[2016-09-08 09:55:36] [INFOR] entered blog page
[2016-09-08 09:56:32] [INFOR] entered blog page
[2016-09-08 10:04:09] [INFOR] entered blog page
[2016-09-08 10:04:56] [INFOR] entered blog page
[2016-09-08 10:04:58] [INFOR] entered blog page
[2016-09-08 10:05:13] [INFOR] entered blog page
[2016-09-08 10:07:02] [INFOR] entered blog page
[2016-09-08 10:07:46] [INFOR] entered blog page
[2016-09-08 10:08:24] [INFOR] entered blog page
[2016-09-08 10:08:42] [INFOR] entered blog page
[2016-09-08 10:12:06] [INFOR] entered blog page
[2016-09-08 10:27:33] [INFOR] entered blog page
[2016-09-08 10:28:36] [INFOR] entered blog page
[2016-09-08 12:32:04] [INFOR] entered blog page
[2016-09-08 12:37:13] [INFOR] entered blog page
[2016-09-08 12:37:15] [INFOR] entered blog page
[2016-09-08 12:37:27] [INFOR] entered blog page
[2016-09-08 12:39:10] [INFOR] entered blog page
[2016-09-08 12:39:11] [INFOR] entered blog page
[2016-09-08 12:39:20] [INFOR] entered blog page
[2016-09-08 12:43:15] [INFOR] entered blog page
[2016-09-08 13:00:06] [INFOR] entered blog page
[2016-09-08 13:00:07] [INFOR] entered blog page
[2016-09-08 13:02:01] [INFOR] entered blog page
[2016-09-08 13:03:50] [INFOR] entered blog page
[2016-09-08 13:06:00] [INFOR] entered blog page
[2016-09-08 13:37:00] [INFOR] entered blog page
[2016-09-08 13:38:30] [INFOR] entered blog page
[2016-09-08 13:39:24] [INFOR] entered blog page
[2016-09-08 13:40:17] [INFOR] entered blog page
[2016-09-08 13:47:24] [INFOR] entered blog page
[2016-09-08 13:47:28] [INFOR] entered blog page
[2016-09-08 13:48:11] [INFOR] entered blog page
[2016-09-08 13:48:13] [INFOR] entered blog page
[2016-09-08 13:56:25] [INFOR] entered blog page
[2016-09-08 13:56:27] [INFOR] entered blog page
[2016-09-08 13:57:23] [INFOR] entered blog page
[2016-09-08 13:59:43] [INFOR] entered blog page
[2016-09-08 14:00:57] [INFOR] entered blog page
[2016-09-08 14:00:59] [INFOR] entered blog page
[2016-09-08 14:01:02] [INFOR] entered blog page
[2016-09-08 14:01:31] [INFOR] entered blog page
[2016-09-08 14:01:40] [INFOR] entered blog page
[2016-09-08 14:03:28] [INFOR] entered blog page
[2016-09-08 14:03:30] [INFOR] entered blog page
[2016-09-08 14:12:04] [INFOR] entered blog page
[2016-09-08 14:12:28] [INFOR] entered blog page
[2016-09-08 14:23:57] [INFOR] entered blog page
[2016-09-08 14:27:42] [INFOR] entered blog page
[2016-09-08 14:30:27] [INFOR] entered blog page
[2016-09-08 14:30:29] [INFOR] entered blog page
[2016-09-08 14:30:40] [INFOR] entered blog page
[2016-09-08 14:38:21] [INFOR] entered blog page
[2016-09-09 01:04:52] [INFOR] entered blog page
[2016-09-09 01:04:56] [INFOR] entered blog page
[2016-09-11 08:22:42] [INFOR] entered blog page
[2016-09-11 08:33:22] [INFOR] entered blog page
[2016-09-11 08:33:24] [INFOR] entered blog page
[2016-09-11 08:35:24] [INFOR] entered blog page
[2016-09-11 08:37:19] [INFOR] entered blog page
[2016-09-11 10:45:29] [INFOR] entered blog page
[2016-09-11 12:52:28] [INFOR] entered blog page
[2016-09-11 12:52:58] [ERROR] login err : "'username'"
[2016-09-11 13:35:23] [INFOR] entered blog page
[2016-09-11 13:36:12] [INFOR] entered blog page
[2016-09-11 14:24:33] [INFOR] entered blog page
[2016-09-12 13:05:51] [INFOR] entered blog page
[2016-09-12 13:17:23] [INFOR] entered blog page
[2016-09-12 13:19:43] [INFOR] entered blog page
[2016-09-12 15:04:21] [INFOR] entered blog page
[2016-09-13 01:25:31] [INFOR] entered blog page
[2016-09-13 01:27:58] [INFOR] entered blog page
[2016-09-13 01:29:53] [INFOR] entered blog page
[2016-09-13 01:56:21] [INFOR] entered blog page
[2016-09-13 01:57:24] [INFOR] entered blog page
[2016-09-13 02:00:07] [INFOR] entered blog page
[2016-09-13 02:00:37] [INFOR] entered blog page
[2016-09-13 02:01:12] [INFOR] entered blog page
[2016-09-19 12:52:10] [INFOR] entered blog page
[2016-09-19 13:17:20] [INFOR] entered blog page
[2016-09-19 13:17:42] [INFOR] entered blog page
[2016-09-19 13:18:53] [INFOR] entered blog page
[2016-09-19 13:21:56] [INFOR] entered blog page
[2016-09-19 13:22:07] [INFOR] entered blog page
[2016-09-19 13:22:27] [INFOR] entered blog page
[2016-09-19 13:22:41] [INFOR] entered blog page
[2016-09-19 13:27:58] [INFOR] entered blog page
[2016-09-19 13:28:13] [INFOR] entered blog page
[2016-09-19 13:30:44] [INFOR] entered blog page
[2016-09-19 13:31:20] [INFOR] entered blog page
[2016-09-19 13:39:11] [INFOR] entered blog page
[2016-09-19 13:45:42] [INFOR] entered blog page
[2016-09-19 13:45:44] [INFOR] entered blog page
[2016-09-19 13:46:09] [INFOR] entered blog page
[2016-09-19 13:47:23] [INFOR] entered blog page
[2016-09-19 13:47:50] [INFOR] entered blog page
[2016-09-19 14:11:12] [INFOR] entered blog page
[2016-09-19 14:12:53] [INFOR] entered blog page
[2016-09-19 14:14:17] [INFOR] entered blog page
[2016-09-19 14:14:33] [INFOR] entered blog page
[2016-09-19 14:22:06] [INFOR] entered blog page
[2016-09-19 14:25:05] [INFOR] entered blog page
[2016-09-19 14:25:13] [INFOR] entered blog page
[2016-09-19 14:26:00] [INFOR] entered blog page
[2016-09-19 14:26:03] [INFOR] entered blog page
[2016-09-19 14:26:52] [INFOR] entered blog page
[2016-09-19 14:28:39] [INFOR] entered blog page
[2016-09-19 14:29:42] [INFOR] entered blog page
[2016-09-19 14:30:32] [INFOR] entered blog page
[2016-09-19 14:31:15] [INFOR] entered blog page
[2016-09-19 14:31:34] [INFOR] entered blog page
[2016-09-19 14:32:24] [INFOR] entered blog page
[2016-09-19 14:33:20] [INFOR] entered blog page
[2016-09-19 14:34:26] [INFOR] entered blog page
[2016-09-19 14:34:35] [INFOR] entered blog page
[2016-09-19 14:34:39] [INFOR] entered blog page
[2016-09-19 14:35:20] [INFOR] entered blog page
[2016-09-19 14:36:10] [INFOR] entered blog page
[2016-09-19 14:36:40] [INFOR] entered blog page
[2016-09-19 14:37:53] [INFOR] entered blog page
[2016-09-19 14:39:04] [INFOR] entered blog page
[2016-09-19 14:39:19] [INFOR] entered blog page
[2016-09-19 14:39:54] [INFOR] entered blog page
[2016-09-19 14:40:10] [INFOR] entered blog page
[2016-09-19 14:40:47] [INFOR] entered blog page
[2016-09-19 14:41:38] [INFOR] entered blog page
[2016-09-19 14:42:23] [INFOR] entered blog page
[2016-09-19 14:42:59] [INFOR] entered blog page
[2016-09-19 14:43:25] [INFOR] entered blog page
[2016-09-19 14:43:51] [INFOR] entered blog page
[2016-09-19 14:48:44] [ERROR] login err : "'username'"
[2016-09-19 14:48:49] [INFOR] entered blog page
[2016-09-19 14:48:51] [ERROR] login err : "'username'"
[2016-09-19 14:49:10] [INFOR] entered blog page
[2016-09-19 14:49:12] [ERROR] login err : "'username'"
[2016-09-19 14:51:12] [INFOR] entered blog page
[2016-09-19 14:51:13] [INFOR] entered blog page
[2016-09-19 14:51:15] [ERROR] login err : "'username'"
[2016-09-19 14:53:38] [INFOR] entered blog page
[2016-09-19 14:53:44] [INFOR] entered blog page
[2016-09-19 14:53:53] [INFOR] entered blog page
[2016-09-19 14:54:31] [INFOR] wsh login success!
[2016-09-19 14:56:48] [INFOR] 王世豪 login success!
[2016-09-19 14:57:45] [INFOR] wsh login success!
[2016-09-19 14:58:41] [INFOR] wsh login success!
[2016-09-19 15:01:29] [INFOR] wsh login success!
[2016-09-19 15:02:30] [INFOR] entered blog page
[2016-09-19 15:03:20] [INFOR] entered blog page
[2016-09-19 15:05:39] [INFOR] entered blog page
[2016-09-19 15:06:00] [INFOR] entered blog page
[2016-09-19 15:14:16] [INFOR] entered blog page
[2016-09-19 15:14:25] [ERROR] login err : username or password is wrong
[2016-09-19 15:14:32] [INFOR] wsh login success!
[2016-09-20 01:03:53] [INFOR] entered blog page
[2016-09-20 01:05:37] [INFOR] entered blog page
[2016-09-20 01:05:41] [INFOR] entered blog page
[2016-09-20 13:28:50] [INFOR] entered blog page
[2016-09-20 13:29:03] [INFOR] wsh login success!
[2016-09-20 13:33:43] [INFOR] entered blog page
[2016-09-20 13:35:03] [INFOR] entered blog page
[2016-09-20 13:36:07] [INFOR] entered blog page
[2016-09-20 13:37:43] [INFOR] entered blog page
[2016-09-20 13:38:07] [INFOR] entered blog page
[2016-09-20 13:38:28] [INFOR] wsh login success!
[2016-09-20 13:38:42] [INFOR] entered blog page
[2016-09-20 13:45:38] [INFOR] entered blog page
[2016-09-20 13:45:45] [INFOR] entered blog page
[2016-09-20 13:46:12] [INFOR] entered blog page
[2016-09-20 13:46:22] [INFOR] entered blog page
[2016-09-20 13:50:51] [INFOR] wsh login success!
[2016-09-20 13:55:43] [INFOR] entered blog page
[2016-09-20 14:37:46] [INFOR] entered blog page
[2016-09-20 14:46:08] [INFOR] entered blog page
[2016-09-20 14:46:59] [INFOR] entered blog page
[2016-09-20 14:47:26] [INFOR] entered blog page
[2016-09-20 14:48:26] [INFOR] entered blog page
[2016-09-20 14:48:29] [INFOR] entered blog page
[2016-09-20 14:48:38] [INFOR] wsh login success!
[2016-09-20 14:52:11] [INFOR] entered blog page
[2016-09-21 17:35:22] [INFOR] entered blog page
[2016-09-21 17:35:50] [INFOR] entered blog page
[2016-09-21 17:36:03] [INFOR] wsh login success!
[2016-09-22 02:13:57] [INFOR] entered blog page
[2016-09-22 02:28:24] [INFOR] wsh login success!
[2016-09-22 13:55:11] [INFOR] entered blog page
[2016-09-22 13:55:30] [INFOR] entered blog page
[2016-09-22 13:55:45] [INFOR] wsh login success!
[2016-09-22 15:33:43] [INFOR] entered blog page
[2016-09-22 15:34:25] [INFOR] entered blog page
[2016-09-22 15:35:21] [INFOR] wsh login success!
[2016-09-22 15:37:36] [INFOR] entered blog page
[2016-09-22 15:37:51] [INFOR] wsh login success!
[2016-09-22 15:46:58] [INFOR] entered blog page
[2016-09-22 15:47:38] [INFOR] entered blog page
[2016-09-22 15:47:49] [INFOR] wsh login success!
[2016-09-23 01:13:06] [INFOR] entered blog page
[2016-09-23 01:27:51] [INFOR] entered blog page
[2016-09-23 01:31:39] [INFOR] entered blog page
[2016-09-23 01:31:54] [INFOR] wsh login success!
[2016-09-23 01:34:39] [INFOR] entered blog page
[2016-09-23 01:35:23] [INFOR] entered blog page
[2016-09-23 01:35:36] [INFOR] wsh login success!
[2016-09-23 02:09:41] [INFOR] entered blog page
[2016-09-23 02:09:56] [INFOR] wsh login success!
[2016-09-23 02:20:34] [INFOR] entered blog page
[2016-09-23 02:20:45] [INFOR] wsh login success!
[2016-09-23 03:23:34] [INFOR] entered blog page
[2016-09-23 03:23:46] [INFOR] wsh login success!
[2016-09-23 05:09:17] [INFOR] entered blog page
[2016-09-23 05:09:28] [INFOR] wsh login success!
[2016-09-23 05:36:31] [INFOR] entered blog page
[2016-09-23 05:36:43] [INFOR] wsh login success!
[2016-09-24 02:41:28] [INFOR] entered blog page
[2016-09-24 02:41:50] [INFOR] wsh login success!
[2016-09-24 02:45:44] [INFOR] entered blog page
[2016-09-24 02:46:48] [INFOR] entered blog page
[2016-09-24 02:51:55] [INFOR] entered blog page
[2016-09-24 02:52:47] [INFOR] wsh login success!
[2016-09-24 02:55:17] [INFOR] entered blog page
[2016-09-24 02:55:38] [INFOR] wsh login success!
[2016-09-24 03:03:25] [INFOR] entered blog page
[2016-09-24 03:03:53] [INFOR] entered blog page
[2016-09-24 03:08:12] [INFOR] entered blog page
[2016-09-24 03:14:24] [INFOR] entered blog page
[2016-09-24 03:14:37] [INFOR] wsh login success!
[2016-09-24 03:14:51] [INFOR] entered blog page
[2016-09-24 03:23:47] [INFOR] entered blog page
[2016-09-24 03:24:05] [INFOR] entered blog page
[2016-09-24 03:24:52] [INFOR] entered blog page
[2016-09-24 03:48:35] [INFOR] entered blog page
[2016-09-24 03:48:55] [INFOR] wsh login success!
[2016-09-24 04:07:43] [INFOR] entered blog page
[2016-09-24 04:23:45] [INFOR] wsh login success!
[2016-09-24 06:00:26] [INFOR] entered blog page
[2016-09-24 06:00:33] [INFOR] entered blog page
[2016-09-24 06:03:00] [INFOR] entered blog page
[2016-09-24 06:03:17] [INFOR] wsh login success!
[2016-09-24 09:32:40] [INFOR] d6e00d42d8babfde99a18c428cb38d save a blog successful!
[2016-09-24 09:45:36] [INFOR] d6e00d42d8babfde99a18c428cb38d save a blog successful!
[2016-09-24 09:47:01] [INFOR] d6e00d42d8babfde99a18c428cb38d save a blog successful!
[2016-09-24 09:52:15] [INFOR] d6e00d42d8babfde99a18c428cb38d save a blog successful!
[2016-09-24 09:52:29] [INFOR] d6e00d42d8babfde99a18c428cb38d save a blog successful!
[2016-09-24 09:52:54] [INFOR] d6e00d42d8babfde99a18c428cb38d save a blog successful!
[2016-09-24 10:53:06] [INFOR] admin save a blog successful!
[2016-09-24 10:54:48] [INFOR] admin save a blog successful!
[2016-09-24 13:14:19] [INFOR] entered blog page
[2016-09-24 13:19:00] [INFOR] entered blog page
[2016-09-24 13:24:02] [INFOR] entered blog page
[2016-09-24 13:24:04] [INFOR] entered blog page
[2016-09-24 13:26:23] [INFOR] entered blog page
[2016-09-24 13:26:51] [INFOR] entered blog page
[2016-09-24 13:27:13] [INFOR] entered blog page
[2016-09-24 13:38:38] [INFOR] entered blog page
[2016-09-24 13:39:16] [INFOR] entered blog page
[2016-09-24 14:21:11] [INFOR] entered blog page
[2016-09-24 14:22:41] [INFOR] entered blog page
[2016-09-25 01:36:22] [INFOR] entered blog page
[2016-09-25 09:21:02] [INFOR] entered blog page
[2016-09-25 09:21:12] [INFOR] wsh login success!
[2016-09-25 13:09:03] [INFOR] d6e00d42d8babfde99a18c428cb38d save a blog successful!
[2016-09-25 13:15:19] [INFOR] d6e00d42d8babfde99a18c428cb38d save a blog successful!
[2016-09-25 13:16:45] [INFOR] d6e00d42d8babfde99a18c428cb38d save a blog successful!
[2016-09-25 13:20:05] [INFOR] d6e00d42d8babfde99a18c428cb38d save a blog successful!
[2016-09-25 13:40:43] [INFOR] d6e00d42d8babfde99a18c428cb38d save a blog successful!
[2016-09-25 14:35:56] [INFOR] entered blog page
[2016-09-25 14:36:06] [INFOR] wsh login success!
[2016-09-25 14:36:19] [INFOR] wsh login success!
[2016-09-25 14:36:28] [ERROR] login err : username or password is wrong
[2016-09-25 14:36:36] [INFOR] wsh login success!
[2016-09-25 14:38:14] [INFOR] wsh login success!
[2016-09-25 14:38:57] [INFOR] wsh login success!
[2016-09-25 14:41:55] [INFOR] wsh login success!
[2016-09-25 15:21:22] [INFOR] entered blog page
[2016-09-25 16:34:17] [ERROR] register err "'tips'"
[2016-09-25 16:34:25] [ERROR] register err "'password'"
[2016-09-25 16:36:04] [ERROR] register err "'tips'"
[2016-09-25 16:37:18] [ERROR] register err "'tips'"
[2016-09-25 16:44:43] [ERROR] register err "'tips'"
[2016-09-25 16:47:46] [INFOR] entered blog page
[2016-09-25 16:50:32] [INFOR] wsh register success!
[2016-09-25 16:54:22] [DEBUG] dir name of 4a21a5a6e6bb1fba55015c2ae0a49is exists!
[2016-09-25 16:54:42] [INFOR] wsh register success!
[2016-09-25 16:55:46] [ERROR] register err (1062, "Duplicate entry '4a21a5a6e6bb1fba55015c2ae0a49' for key 'username'")
[2016-09-25 16:57:02] [DEBUG] dir name of 4a21a5a6e6bb1fba55015c2ae0a49is exists!
[2016-09-25 16:57:02] [INFOR] wsh register success!
[2016-09-26 01:10:37] [DEBUG] dir name of 4a21a5a6e6bb1fba55015c2ae0a49is exists!
[2016-09-26 01:10:37] [INFOR] wsh register success!
[2016-09-26 01:12:33] [DEBUG] dir name of 4a21a5a6e6bb1fba55015c2ae0a49is exists!
[2016-09-26 01:12:33] [INFOR] wsh register success!
[2016-09-26 01:15:13] [DEBUG] dir name of 4a21a5a6e6bb1fba55015c2ae0a49is exists!
[2016-09-26 01:15:13] [INFOR] wsh register success!
[2016-09-26 01:20:43] [INFOR] entered blog page
[2016-09-26 01:22:43] [INFOR] entered blog page
[2016-09-26 01:23:43] [DEBUG] dir name of 4a21a5a6e6bb1fba55015c2ae0a49is exists!
[2016-09-26 01:23:43] [INFOR] wsh register success!
[2016-09-26 01:43:15] [DEBUG] dir name of 4a21a5a6e6bb1fba55015c2ae0a49is exists!
[2016-09-26 01:43:15] [INFOR] wsh register success!
[2016-09-26 08:39:23] [INFOR] entered blog page
[2016-09-26 08:40:09] [DEBUG] dir name of 4a21a5a6e6bb1fba55015c2ae0a49is exists!
[2016-09-26 08:40:09] [INFOR] wsh register success!
[2016-09-26 08:41:41] [INFOR] entered blog page
[2016-09-26 08:41:43] [INFOR] entered blog page
[2016-09-26 08:42:14] [DEBUG] dir name of 4a21a5a6e6bb1fba55015c2ae0a49is exists!
[2016-09-26 08:42:14] [INFOR] wsh register success!
[2016-09-26 08:43:47] [DEBUG] dir name of 4a21a5a6e6bb1fba55015c2ae0a49is exists!
[2016-09-26 08:43:47] [INFOR] wsh register success!
[2016-09-26 08:44:07] [DEBUG] dir name of 4a21a5a6e6bb1fba55015c2ae0a49is exists!
[2016-09-26 08:44:07] [INFOR] wsh register success!
[2016-09-26 09:07:50] [INFOR] entered blog page
[2016-09-26 09:08:11] [INFOR] entered blog page
[2016-09-26 09:08:39] [INFOR] entered blog page
[2016-09-26 09:14:49] [INFOR] entered blog page
[2016-09-26 09:15:17] [DEBUG] dir name of 4a21a5a6e6bb1fba55015c2ae0a49is exists!
[2016-09-26 09:15:17] [INFOR] wsh register success!
[2016-09-26 09:36:30] [INFOR] entered blog page
[2016-09-26 09:36:44] [DEBUG] dir name of 4a21a5a6e6bb1fba55015c2ae0a49is exists!
[2016-09-26 09:36:44] [INFOR] wsh register success!
[2016-09-26 09:43:01] [INFOR] entered blog page
[2016-09-26 09:43:18] [INFOR] entered blog page
[2016-09-26 09:43:28] [INFOR] entered blog page
[2016-09-26 10:09:38] [DEBUG] dir name of 4a21a5a6e6bb1fba55015c2ae0a49is exists!
[2016-09-26 10:09:38] [INFOR] wsh register success!
[2016-09-26 10:13:34] [DEBUG] dir name of 4a21a5a6e6bb1fba55015c2ae0a49is exists!
[2016-09-26 10:13:34] [INFOR] wsh register success!
[2016-09-26 10:37:46] [INFOR] entered blog page
[2016-09-26 10:37:57] [DEBUG] dir name of 4a21a5a6e6bb1fba55015c2ae0a49is exists!
[2016-09-26 10:37:57] [INFOR] wsh register success!
[2016-09-26 10:41:00] [INFOR] entered blog page
[2016-09-26 10:41:15] [DEBUG] dir name of 4a21a5a6e6bb1fba55015c2ae0a49is exists!
[2016-09-26 10:41:15] [INFOR] wsh register success!
[2016-09-26 11:21:08] [INFOR] entered blog page
[2016-09-27 01:02:15] [DEBUG] dir name of 4a21a5a6e6bb1fba55015c2ae0a49is exists!
[2016-09-27 01:02:15] [INFOR] wsh register success!
[2016-09-27 01:10:58] [INFOR] entered blog page
[2016-09-27 01:11:58] [DEBUG] dir name of 4a21a5a6e6bb1fba55015c2ae0a49is exists!
[2016-09-27 01:11:58] [INFOR] wsh register success!
[2016-09-27 01:24:57] [INFOR] entered blog page
[2016-09-27 05:31:47] [INFOR] entered blog page
[2016-09-27 05:32:57] [DEBUG] dir name of 4a21a5a6e6bb1fba55015c2ae0a49is exists!
[2016-09-27 05:32:57] [INFOR] wsh register success!
[2016-09-27 14:02:25] [INFOR] entered blog page
[2016-09-27 14:04:40] [DEBUG] dir name of 4a21a5a6e6bb1fba55015c2ae0a49is exists!
[2016-09-27 14:04:40] [INFOR] wsh register success!
[2016-09-27 14:39:23] [INFOR] entered blog page
[2016-09-27 14:39:48] [DEBUG] dir name of 4a21a5a6e6bb1fba55015c2ae0a49is exists!
[2016-09-27 14:39:48] [INFOR] wsh register success!
[2016-09-27 14:58:02] [INFOR] entered blog page
[2016-09-27 14:58:18] [DEBUG] dir name of 4a21a5a6e6bb1fba55015c2ae0a49is exists!
[2016-09-27 14:58:18] [INFOR] wsh register success!
[2016-09-27 15:33:15] [INFOR] entered blog page
[2016-09-27 15:33:40] [DEBUG] dir name of 4a21a5a6e6bb1fba55015c2ae0a49is exists!
[2016-09-27 15:33:40] [INFOR] wsh register success!
[2016-09-27 15:33:54] [INFOR] entered blog page
[2016-09-27 15:34:08] [ERROR] register err (1062, "Duplicate entry '4a21a5a6e6bb1fba55015c2ae0a49' for key 'username'")
[2016-09-27 15:57:20] [INFOR] entered blog page
[2016-09-27 15:57:44] [DEBUG] dir name of 4a21a5a6e6bb1fba55015c2ae0a49is exists!
[2016-09-27 15:57:44] [INFOR] wsh register success!
[2016-09-27 16:22:05] [INFOR] entered blog page
[2016-09-27 16:22:08] [INFOR] entered blog page
[2016-09-27 16:22:28] [DEBUG] dir name of 4a21a5a6e6bb1fba55015c2ae0a49is exists!
[2016-09-27 16:22:28] [INFOR] wsh register success!
[2016-09-27 16:25:24] [INFOR] entered blog page
[2016-09-27 16:25:44] [DEBUG] dir name of 4a21a5a6e6bb1fba55015c2ae0a49is exists!
[2016-09-27 16:25:44] [INFOR] wsh register success!
[2016-09-28 01:09:39] [INFOR] entered blog page
[2016-09-28 01:11:20] [INFOR] entered blog page
[2016-09-28 01:12:48] [DEBUG] dir name of 4a21a5a6e6bb1fba55015c2ae0a49is exists!
[2016-09-28 01:12:48] [INFOR] wsh register success!
[2016-09-28 02:56:13] [INFOR] entered blog page
[2016-09-28 02:56:15] [INFOR] entered blog page
[2016-09-28 12:38:20] [INFOR] entered blog page
[2016-09-28 12:38:47] [DEBUG] dir name of 4a21a5a6e6bb1fba55015c2ae0a49is exists!
[2016-09-28 12:38:47] [INFOR] wsh register success!
[2016-09-28 13:35:46] [INFOR] entered blog page
[2016-09-28 13:36:20] [DEBUG] dir name of 4a21a5a6e6bb1fba55015c2ae0a49is exists!
[2016-09-28 13:36:20] [INFOR] wsh register success!
[2016-09-28 13:47:22] [ERROR] activeUser err "'usp'"
[2016-09-28 13:52:24] [INFOR] wsh active success!
[2016-09-29 01:08:08] [INFOR] entered blog page
[2016-09-29 01:08:13] [INFOR] entered blog page
[2016-09-29 08:52:56] [INFOR] entered blog page
[2016-09-29 09:00:17] [DEBUG] dir name of 4a21a5a6e6bb1fba55015c2ae0a49is exists!
[2016-09-29 09:00:17] [INFOR] wsh register success!
[2016-09-29 09:00:54] [INFOR] wsh active success!
[2016-09-29 09:02:42] [INFOR] entered blog page
[2016-09-29 09:02:50] [INFOR] wsh login success!
[2016-09-29 09:04:45] [INFOR] entered blog page
[2016-09-29 09:48:55] [INFOR] wsh login success!
[2016-09-29 14:25:21] [INFOR] entered blog page
[2016-09-29 14:45:55] [INFOR] 王世豪 register success!
[2016-09-29 14:49:15] [ERROR] register err (1062, "Duplicate entry '8db345816a34c9850f2b2cce46bf6' for key 'username'")
[2016-09-29 14:50:19] [ERROR] register err "'password'"
[2016-09-29 14:59:55] [INFOR] entered blog page
[2016-09-29 14:59:56] [INFOR] entered blog page
[2016-09-29 15:00:43] [DEBUG] dir name of 4a21a5a6e6bb1fba55015c2ae0a49is exists!
[2016-09-29 15:00:43] [INFOR] wsh register success!
[2016-09-29 15:01:10] [ERROR] activeUser err User matching query does not exist.
[2016-09-29 15:02:21] [ERROR] activeUser err User matching query does not exist.
[2016-09-29 15:04:05] [INFOR] 4a21a5a6e6bb1fba55015c2ae0a49 active success!
[2016-09-29 15:04:13] [INFOR] 4a21a5a6e6bb1fba55015c2ae0a49 active success!
[2016-09-29 15:04:52] [INFOR] entered blog page
[2016-09-29 15:06:11] [INFOR] entered blog page
[2016-09-29 15:06:37] [DEBUG] dir name of 8db345816a34c9850f2b2cce46bf6is exists!
[2016-09-29 15:06:37] [INFOR] 王世豪 register success!
[2016-09-29 15:07:11] [INFOR] 8db345816a34c9850f2b2cce46bf6 active success!
[2016-09-29 15:08:33] [INFOR] entered blog page
[2016-09-29 15:08:37] [INFOR] entered blog page
[2016-09-29 15:08:40] [INFOR] entered blog page
[2016-09-29 15:10:24] [INFOR] 乐视TV register success!
[2016-09-29 15:29:07] [INFOR] entered blog page
[2016-09-29 15:29:53] [DEBUG] dir name of 4a21a5a6e6bb1fba55015c2ae0a49is exists!
[2016-09-29 15:29:53] [INFOR] wsh register success!
[2016-09-29 15:30:14] [INFOR] 4a21a5a6e6bb1fba55015c2ae0a49 active success!
[2016-09-29 15:34:45] [INFOR] entered blog page
[2016-09-29 15:34:49] [INFOR] entered blog page
[2016-09-29 15:35:06] [DEBUG] dir name of 8db345816a34c9850f2b2cce46bf6is exists!
[2016-09-29 15:35:06] [INFOR] 王世豪 register success!
[2016-09-29 15:36:38] [INFOR] entered blog page
[2016-09-30 06:25:01] [INFOR] entered blog page
[2016-09-30 06:28:46] [DEBUG] dir name of 4a21a5a6e6bb1fba55015c2ae0a49is exists!
[2016-09-30 06:28:46] [INFOR] wsh register success!
[2016-09-30 06:29:09] [INFOR] 4a21a5a6e6bb1fba55015c2ae0a49 active success!
[2016-09-30 06:30:15] [INFOR] entered blog page
[2016-09-30 06:30:19] [INFOR] entered blog page
[2016-09-30 07:35:12] [INFOR] entered blog page
[2016-09-30 07:36:42] [INFOR] entered blog page
[2016-09-30 08:11:01] [INFOR] entered blog page
[2016-09-30 08:11:44] [INFOR] entered blog page
[2016-09-30 08:12:04] [INFOR] entered blog page
[2016-09-30 08:13:53] [INFOR] entered blog page
[2016-09-30 08:28:02] [INFOR] entered blog page
[2016-09-30 08:32:26] [INFOR] entered blog page
[2016-09-30 08:33:20] [INFOR] entered blog page
[2016-09-30 08:33:38] [INFOR] entered blog page
[2016-09-30 08:34:11] [INFOR] entered blog page
[2016-09-30 08:34:49] [INFOR] ghgh register success!
[2016-09-30 08:35:18] [INFOR] wsh login success!
[2016-09-30 08:59:17] [INFOR] entered blog page
[2016-09-30 09:12:23] [INFOR] entered blog page
[2016-10-02 05:18:48] [INFOR] entered blog page
[2016-10-02 05:32:43] [INFOR] entered blog page
[2016-10-02 05:36:09] [INFOR] entered blog page
[2016-10-02 07:48:36] [INFOR] entered blog page
[2016-10-03 04:28:52] [INFOR] entered blog page
[2016-10-03 04:36:54] [INFOR] wsh register success!
[2016-10-03 04:37:26] [INFOR] 4a21a5a6e6bb1fba55015c2ae0a49 active success!
[2016-10-03 04:39:33] [INFOR] entered blog page
[2016-10-03 05:31:42] [INFOR] entered blog page
[2016-10-03 05:32:10] [INFOR] 王世豪 register success!
[2016-10-03 05:32:27] [INFOR] 8db345816a34c9850f2b2cce46bf6 active success!
[2016-10-03 05:33:18] [INFOR] entered blog page
[2016-10-03 06:01:49] [INFOR] entered blog page
[2016-10-03 06:03:19] [INFOR] send check number success!
[2016-10-03 06:05:21] [INFOR] send check number success!
[2016-10-03 06:05:49] [INFOR] send check number success!
[2016-10-03 06:16:17] [INFOR] send check number success!
[2016-10-03 09:03:12] [INFOR] entered blog page
[2016-10-03 15:42:04] [INFOR] send check number success!
[2016-10-03 15:45:52] [INFOR] send check number success!
[2016-10-03 15:53:17] [ERROR] login err : username or password is wrong
[2016-10-03 15:53:27] [ERROR] login err : username or password is wrong
[2016-10-03 15:53:34] [ERROR] login err : username or password is wrong
[2016-10-03 15:54:49] [ERROR] login err : username or password is wrong
[2016-10-03 15:55:53] [ERROR] login err : username or password is wrong
[2016-10-03 15:56:09] [INFOR] send check number success!
[2016-10-03 15:56:54] [INFOR] 王世豪 login success!
[2016-10-03 15:56:58] [ERROR] login err : username or password is wrong
[2016-10-03 15:57:09] [INFOR] 王世豪 login success!
[2016-10-03 15:57:20] [INFOR] wsh login success!
[2016-10-03 15:57:35] [INFOR] entered blog page
[2016-10-03 15:57:38] [INFOR] entered blog page
[2016-10-03 16:06:59] [INFOR] lll register success!
[2016-10-03 16:07:46] [INFOR] ooo register success!
[2016-10-03 16:08:55] [INFOR] ooo login success!
[2016-10-03 16:09:11] [INFOR] entered blog page
[2016-10-03 16:10:23] [INFOR] oooo register success!
[2016-10-03 16:10:39] [INFOR] oooooo register success!
[2016-10-03 16:11:05] [INFOR] send check number success!
[2016-10-03 16:19:25] [INFOR] 王世豪 login success!
[2016-10-03 16:29:48] [INFOR] entered blog page
[2016-10-03 16:29:54] [INFOR] 王世豪 login success!
[2016-10-03 16:30:33] [INFOR] send check number success!
[2016-10-03 16:31:05] [ERROR] login err : username or password is wrong
[2016-10-03 16:31:18] [ERROR] login err : username or password is wrong
[2016-10-03 16:31:23] [ERROR] login err : username or password is wrong
[2016-10-03 16:36:10] [ERROR] login err : username or password is wrong
[2016-10-03 16:36:33] [ERROR] login err : username or password is wrong
[2016-10-03 16:45:53] [INFOR] 王世豪 login success!
[2016-10-03 16:46:09] [INFOR] entered blog page
[2016-10-06 14:53:51] [INFOR] entered blog page
[2016-10-06 14:54:13] [INFOR] 王世豪 login success!
[2016-10-06 14:54:31] [INFOR] entered blog page
[2016-10-06 14:56:03] [INFOR] entered blog page
[2016-10-06 14:56:51] [INFOR] entered blog page
[2016-10-06 14:56:51] [INFOR] entered blog page
[2016-10-09 12:27:25] [INFOR] entered blog page
[2016-10-09 12:28:29] [ERROR] login err : User matching query does not exist.
[2016-10-09 12:28:43] [ERROR] login err : User matching query does not exist.
[2016-10-09 12:28:51] [ERROR] login err : User matching query does not exist.
[2016-10-09 12:32:20] [DEBUG] dir name of 4a21a5a6e6bb1fba55015c2ae0a49is exists!
[2016-10-09 12:32:20] [INFOR] wsh register success!
[2016-10-09 12:32:48] [INFOR] 4a21a5a6e6bb1fba55015c2ae0a49 active success!
[2016-10-09 12:33:16] [INFOR] entered blog page
[2016-10-09 12:33:23] [INFOR] wsh login success!
[2016-10-09 16:47:56] [INFOR] entered blog page
[2016-10-09 17:23:45] [DEBUG] dir name of 8db345816a34c9850f2b2cce46bf6is exists!
[2016-10-09 17:23:45] [INFOR] 王世豪 register success!
[2016-10-09 17:24:18] [INFOR] entered blog page
[2016-10-09 17:24:29] [ERROR] register err (1062, "Duplicate entry '8db345816a34c9850f2b2cce46bf6' for key 'username'")
[2016-10-09 17:53:45] [INFOR] entered blog page
[2016-10-09 17:55:22] [ERROR] login err : username or password is wrong
[2016-10-09 17:55:30] [INFOR] wsh login success!
[2016-10-09 18:18:08] [INFOR] entered blog page
[2016-10-09 18:18:18] [INFOR] wsh login success!
[2016-10-11 14:14:06] [INFOR] entered blog page
[2016-10-11 14:15:40] [INFOR] haha register success!
[2016-10-11 14:16:25] [INFOR] 31b167db6c53a76e646634dfc91cb active success!
[2016-10-11 14:30:14] [INFOR] entered blog page
[2016-10-11 14:30:26] [INFOR] wsh login success!
[2016-10-11 14:38:39] [INFOR] entered blog page
[2016-10-11 14:38:47] [INFOR] wsh login success!
[2016-10-11 14:40:01] [INFOR] entered blog page
[2016-10-11 14:40:23] [INFOR] wsh login success!
[2016-10-11 14:44:56] [INFOR] entered blog page
[2016-10-11 14:45:03] [INFOR] wsh login success!
[2016-10-11 14:47:59] [INFOR] entered blog page
[2016-10-11 14:48:07] [INFOR] wsh login success!
[2016-10-11 16:17:21] [INFOR] wsh logout success!
[2016-10-11 16:18:25] [INFOR] entered blog page
[2016-10-11 16:18:37] [INFOR] wsh login success!
[2016-10-11 16:18:44] [INFOR] wsh logout success!
[2016-10-11 16:18:49] [INFOR] entered blog page
[2016-10-11 16:19:10] [INFOR] wsh login success!
[2016-10-11 16:40:28] [INFOR] entered blog page
[2016-10-11 16:41:04] [INFOR] gfgfg register success!
[2016-10-11 16:45:53] [INFOR] gfgfg register success!
[2016-10-11 16:48:16] [INFOR] wshlele register success!
[2016-10-11 16:49:03] [INFOR] b322a5ecac68694a31f1f4c3737c9 active success!
[2016-10-11 17:00:03] [INFOR] entered blog page
[2016-10-11 17:00:12] [INFOR] wshlele login success!
[2016-10-11 17:15:20] [INFOR] b322a5ecac68694a31f1f4c3737c9 active success!
[2016-10-11 17:15:56] [INFOR] wshlele logout success!
[2016-10-11 17:15:56] [INFOR] entered blog page
[2016-10-11 17:16:11] [DEBUG] dir name of 4a21a5a6e6bb1fba55015c2ae0a49is exists!
[2016-10-11 17:16:11] [INFOR] wsh register success!
[2016-10-11 17:17:11] [INFOR] 4a21a5a6e6bb1fba55015c2ae0a49 active success!
[2016-10-11 17:18:52] [INFOR] 4a21a5a6e6bb1fba55015c2ae0a49 active success!
[2016-10-11 17:19:47] [INFOR] 4a21a5a6e6bb1fba55015c2ae0a49 active success!
[2016-10-11 17:20:01] [INFOR] 4a21a5a6e6bb1fba55015c2ae0a49 active success!
[2016-10-11 17:21:12] [INFOR] 4a21a5a6e6bb1fba55015c2ae0a49 active success!
[2016-10-11 17:21:16] [INFOR] 4a21a5a6e6bb1fba55015c2ae0a49 active success!
[2016-10-11 17:21:48] [INFOR] 4a21a5a6e6bb1fba55015c2ae0a49 active success!
[2016-10-11 17:23:21] [INFOR] 4a21a5a6e6bb1fba55015c2ae0a49 active success!
[2016-10-11 17:23:56] [INFOR] 4a21a5a6e6bb1fba55015c2ae0a49 active success!
[2016-10-11 17:25:45] [INFOR] 4a21a5a6e6bb1fba55015c2ae0a49 active success!
[2016-10-11 17:26:21] [INFOR] 4a21a5a6e6bb1fba55015c2ae0a49 active success!
[2016-10-11 17:27:01] [INFOR] wsh logout success!
[2016-10-11 17:27:01] [INFOR] entered blog page
[2016-10-11 17:27:21] [INFOR] entered blog page
[2016-10-11 17:27:33] [DEBUG] dir name of 4a21a5a6e6bb1fba55015c2ae0a49is exists!
[2016-10-11 17:27:33] [INFOR] wsh register success!
[2016-10-11 17:27:50] [INFOR] 4a21a5a6e6bb1fba55015c2ae0a49 active success!
[2016-10-12 08:40:45] [INFOR] wsh logout success!
[2016-10-12 08:40:46] [INFOR] entered blog page
[2016-10-12 08:41:01] [INFOR] wsh login success!
[2016-10-12 09:01:46] [INFOR] entered blog page
[2016-10-12 09:03:17] [INFOR] entered blog page
[2016-10-12 09:04:28] [INFOR] entered blog page
[2016-10-12 09:07:02] [INFOR] entered blog page
[2016-10-12 09:10:31] [INFOR] entered blog page
[2016-10-12 09:11:39] [INFOR] entered blog page
[2016-10-12 09:14:04] [INFOR] entered blog page
[2016-10-12 09:18:53] [INFOR] entered blog page
[2016-10-12 09:20:20] [INFOR] entered blog page
[2016-10-12 09:38:58] [INFOR] entered blog page
[2016-10-12 09:47:46] [INFOR] entered blog page
[2016-10-12 09:48:19] [INFOR] entered blog page
[2016-10-12 09:49:47] [INFOR] entered blog page
[2016-10-12 09:50:00] [INFOR] entered blog page
[2016-10-12 09:50:13] [INFOR] entered blog page
[2016-10-12 09:50:46] [INFOR] entered blog page
[2016-10-12 09:51:31] [INFOR] entered blog page
[2016-10-12 09:52:02] [INFOR] entered blog page
[2016-10-12 09:53:24] [INFOR] entered blog page
[2016-10-12 09:54:19] [INFOR] wsh login success!
[2016-10-12 10:28:12] [INFOR] wsh logout success!
[2016-10-12 10:28:12] [INFOR] entered blog page
[2016-10-12 10:29:42] [INFOR] wsh login success!
[2016-10-12 10:33:09] [INFOR] wsh logout success!
[2016-10-12 10:33:09] [INFOR] entered blog page
[2016-10-13 01:19:59] [INFOR] entered blog page
[2016-10-13 02:06:08] [INFOR] wsh login success!
[2016-10-13 06:37:30] [INFOR] entered blog page
[2016-10-13 06:39:14] [INFOR] entered blog page
[2016-10-13 06:43:53] [INFOR] entered blog page
[2016-10-13 06:52:10] [INFOR] entered blog page
[2016-10-13 06:53:28] [INFOR] entered blog page
[2016-10-13 06:55:08] [INFOR] entered blog page
[2016-10-13 06:55:50] [INFOR] entered blog page
[2016-10-13 06:57:20] [INFOR] entered blog page
[2016-10-13 07:01:27] [INFOR] entered blog page
[2016-10-13 07:06:33] [INFOR] entered blog page
[2016-10-13 07:19:11] [INFOR] entered blog page
[2016-10-13 07:21:46] [INFOR] entered blog page
[2016-10-13 07:21:46] [INFOR] entered blog page
[2016-10-13 07:53:04] [INFOR] entered blog page
[2016-10-13 07:53:47] [INFOR] entered blog page
[2016-10-13 08:07:10] [INFOR] entered blog page
[2016-10-13 08:09:13] [INFOR] entered blog page
[2016-10-13 08:09:30] [INFOR] entered blog page
[2016-10-13 08:13:35] [INFOR] entered blog page
[2016-10-13 08:14:44] [INFOR] entered blog page
[2016-10-13 09:22:51] [INFOR] entered blog page
[2016-10-13 09:23:00] [ERROR] login err : username or password is wrong
[2016-10-13 09:23:06] [INFOR] wsh login success!
[2016-10-13 13:47:37] [INFOR] 4a21a5a6e6bb1fba55015c2ae0a49 save a blog successful!
[2016-10-13 14:01:31] [INFOR] entered blog page
[2016-10-13 14:01:41] [INFOR] wsh login success!
[2016-10-14 12:08:34] [INFOR] entered blog page
[2016-10-14 12:08:40] [INFOR] entered blog page
[2016-10-14 12:14:01] [INFOR] entered blog page
[2016-10-14 12:14:04] [INFOR] entered blog page
[2016-10-14 12:14:34] [INFOR] entered blog page
[2016-10-14 12:17:17] [INFOR] entered blog page
[2016-10-14 12:17:38] [INFOR] wsh login success!
[2016-10-14 13:35:47] [INFOR] upload success!
[2016-10-14 13:55:35] [INFOR] upload success!
[2016-10-14 13:57:40] [INFOR] upload success!
[2016-10-14 13:59:51] [INFOR] wsh logout success!
[2016-10-14 13:59:51] [INFOR] entered blog page
[2016-10-14 13:59:56] [INFOR] entered blog page
[2016-10-14 14:02:59] [INFOR] wsh login success!
[2016-10-14 14:04:06] [INFOR] upload success!
[2016-10-14 14:11:21] [INFOR] upload success!
[2016-10-14 14:16:19] [INFOR] upload success!
[2016-10-14 14:16:19] [INFOR] upload success!
[2016-10-14 14:16:33] [INFOR] upload success!
[2016-10-14 14:16:42] [INFOR] upload success!
[2016-10-14 14:25:59] [INFOR] wsh logout success!
[2016-10-14 14:26:01] [INFOR] entered blog page
[2016-10-14 14:27:08] [INFOR] wsh login success!
[2016-10-14 15:24:40] [INFOR] upload success!
[2016-10-14 15:25:04] [INFOR] upload success!
[2016-10-14 15:25:32] [INFOR] upload success!
[2016-10-14 15:28:31] [INFOR] wsh logout success!
[2016-10-14 15:28:31] [INFOR] entered blog page
[2016-10-14 15:28:37] [INFOR] wsh login success!
[2016-10-15 08:35:57] [INFOR] wsh logout success!
[2016-10-15 08:36:01] [INFOR] entered blog page
[2016-10-15 08:39:28] [INFOR] entered blog page
[2016-10-15 08:39:53] [INFOR] wsh login success!
[2016-10-15 12:17:36] [INFOR] wsh logout success!
[2016-10-15 12:17:37] [INFOR] entered blog page
[2016-10-15 12:17:45] [INFOR] wsh login success!
[2016-10-17 14:16:43] [INFOR] entered blog page
[2016-10-17 14:16:58] [INFOR] wsh login success!
[2016-10-17 14:52:04] [INFOR] save user info success!
[2016-10-17 14:52:41] [INFOR] save user info success!
[2016-10-17 14:53:09] [INFOR] save user info success!
[2016-10-17 14:59:03] [INFOR] save user info success!
[2016-10-17 15:34:09] [INFOR] upload success!
[2016-10-17 15:34:33] [INFOR] upload success!
[2016-10-17 16:32:05] [INFOR] save user info success!
[2016-10-17 16:32:12] [INFOR] save user info success!
[2016-10-17 16:32:15] [INFOR] save user info success!
[2016-10-17 16:32:21] [INFOR] save user info success!
[2016-10-17 16:32:58] [INFOR] save user info success!
[2016-10-17 16:33:02] [INFOR] save user info success!
[2016-10-17 16:39:11] [INFOR] save user info success!
[2016-10-17 16:39:46] [INFOR] save user info success!
[2016-10-17 16:40:32] [INFOR] save user info success!
[2016-10-17 16:43:42] [INFOR] save user info success!
[2016-10-17 16:44:45] [INFOR] save user info success!
[2016-10-17 16:45:09] [INFOR] save user info success!
[2016-10-17 16:45:22] [INFOR] save user info success!
[2016-10-17 16:49:47] [INFOR] save user info success!
[2016-10-17 16:50:46] [INFOR] save user info success!
[2016-10-17 16:54:33] [INFOR] save user info success!
[2016-10-17 16:55:55] [INFOR] save user info success!
[2016-10-17 16:56:03] [INFOR] save user info success!
[2016-10-17 16:56:19] [INFOR] save user info success!
[2016-10-17 16:57:45] [INFOR] save user info success!
[2016-10-17 16:58:05] [INFOR] save user info success!
[2016-10-17 17:01:57] [INFOR] save user info success!
[2016-10-17 17:02:12] [INFOR] save user info success!
[2016-10-17 17:03:15] [INFOR] save user info success!
[2016-10-17 17:03:21] [INFOR] save user info success!
[2016-10-17 17:21:08] [INFOR] save user info success!
[2016-10-17 17:27:22] [INFOR] save user info success!
[2016-10-17 17:27:26] [INFOR] save user info success!
[2016-10-17 17:29:51] [INFOR] wsh logout success!
[2016-10-17 17:29:51] [INFOR] entered blog page
[2016-10-17 17:31:53] [INFOR] wsh login success!
[2016-10-17 17:32:13] [INFOR] wsh logout success!
[2016-10-17 17:32:13] [INFOR] entered blog page
[2016-10-18 12:25:32] [INFOR] entered blog page
[2016-10-18 12:25:49] [INFOR] entered blog page
[2016-10-18 12:25:58] [INFOR] entered blog page
[2016-10-18 12:26:15] [INFOR] entered blog page
[2016-10-18 12:35:26] [INFOR] entered blog page
[2016-10-18 12:35:47] [INFOR] wsh login success!
[2016-10-18 12:54:27] [INFOR] entered blog page
[2016-10-18 12:54:36] [INFOR] wsh login success!
[2016-10-18 13:13:32] [INFOR] save user info success!
[2016-10-18 13:16:45] [INFOR] upload success!
[2016-10-18 13:16:57] [INFOR] upload success!
[2016-10-18 13:17:49] [INFOR] save user info success!
[2016-10-18 13:18:09] [INFOR] save user info success!
[2016-10-18 13:20:37] [INFOR] save user info success!
[2016-10-18 13:21:52] [INFOR] save user info success!
[2016-10-18 13:21:59] [INFOR] save user info success!
[2016-10-18 13:25:23] [INFOR] wsh logout success!
[2016-10-18 13:25:23] [INFOR] entered blog page
[2016-10-18 13:25:26] [INFOR] wsh login success!
[2016-10-18 14:47:34] [INFOR] 4a21a5a6e6bb1fba55015c2ae0a49 save a blog successful!
[2016-10-18 14:48:08] [INFOR] 4a21a5a6e6bb1fba55015c2ae0a49 save a blog successful!
[2016-10-19 09:53:35] [INFOR] entered blog page
[2016-10-19 09:53:48] [INFOR] wsh login success!
[2016-10-19 15:02:51] [INFOR] 4a21a5a6e6bb1fba55015c2ae0a49 save a blog successful!
[2016-10-19 15:04:10] [INFOR] 4a21a5a6e6bb1fba55015c2ae0a49 save a blog successful!
[2016-10-19 15:07:32] [INFOR] 4a21a5a6e6bb1fba55015c2ae0a49 save a blog successful!
[2016-10-19 15:09:13] [INFOR] 4a21a5a6e6bb1fba55015c2ae0a49 save a blog successful!
[2016-10-19 15:10:48] [INFOR] entered blog page
[2016-10-19 15:10:56] [INFOR] wsh login success!
[2016-10-19 15:13:27] [INFOR] 4a21a5a6e6bb1fba55015c2ae0a49 save a blog successful!
[2016-10-19 15:16:33] [INFOR] 4a21a5a6e6bb1fba55015c2ae0a49 save a blog successful!
[2016-10-19 15:42:52] [INFOR] entered blog page
[2016-10-19 15:42:59] [INFOR] wsh login success!
[2016-10-19 15:47:10] [INFOR] 4a21a5a6e6bb1fba55015c2ae0a49 save a blog successful!
[2016-10-19 15:47:35] [INFOR] 4a21a5a6e6bb1fba55015c2ae0a49 save a blog successful!
[2016-10-19 15:47:38] [INFOR] 4a21a5a6e6bb1fba55015c2ae0a49 save a blog successful!
[2016-10-19 16:18:11] [INFOR] save user info success!
[2016-10-20 00:59:28] [INFOR] entered blog page
[2016-10-20 00:59:45] [INFOR] wsh login success!
[2016-10-20 01:00:13] [INFOR] wsh logout success!
[2016-10-20 01:00:13] [INFOR] entered blog page
[2016-10-20 01:00:29] [INFOR] 王世豪 register success!
[2016-10-20 01:00:53] [INFOR] 8db345816a34c9850f2b2cce46bf6 active success!
[2016-10-20 01:00:53] [ERROR] activeUser err 'ascii' codec can't encode characters in position 0-2: ordinal not in range(128)
[2016-10-20 01:01:18] [INFOR] 8db345816a34c9850f2b2cce46bf6 active success!
[2016-10-20 01:01:18] [ERROR] activeUser err 'ascii' codec can't encode characters in position 0-2: ordinal not in range(128)
[2016-10-20 01:06:40] [ERROR] activeUser err Incorrect padding
[2016-10-20 01:10:58] [INFOR] 8db345816a34c9850f2b2cce46bf6 active success!
[2016-10-20 01:10:58] [ERROR] activeUser err 'ascii' codec can't encode characters in position 0-2: ordinal not in range(128)
[2016-10-20 01:20:45] [INFOR] 8db345816a34c9850f2b2cce46bf6 active success!
[2016-10-20 01:20:45] [ERROR] activeUser err 'ascii' codec can't encode characters in position 0-2: ordinal not in range(128)
[2016-10-20 01:22:14] [INFOR] 8db345816a34c9850f2b2cce46bf6 active success!
[2016-10-20 01:22:16] [INFOR] 8db345816a34c9850f2b2cce46bf6 active success!
[2016-10-20 02:21:02] [INFOR] entered blog page
[2016-10-20 02:21:05] [INFOR] wsh login success!
[2016-10-20 02:22:19] [INFOR] 4a21a5a6e6bb1fba55015c2ae0a49 save a blog successful!
[2016-10-20 03:56:42] [INFOR] 4a21a5a6e6bb1fba55015c2ae0a49 save a blog successful!
[2016-10-20 03:58:25] [INFOR] 4a21a5a6e6bb1fba55015c2ae0a49 save a blog successful!
[2016-10-20 04:00:32] [INFOR] 4a21a5a6e6bb1fba55015c2ae0a49 save a blog successful!
[2016-10-20 04:03:40] [INFOR] 4a21a5a6e6bb1fba55015c2ae0a49 save a blog successful!
[2016-10-20 05:11:41] [INFOR] 4a21a5a6e6bb1fba55015c2ae0a49 save a blog successful!
[2016-10-20 05:13:37] [INFOR] 4a21a5a6e6bb1fba55015c2ae0a49 save a blog successful!
[2016-10-20 05:33:22] [INFOR] 4a21a5a6e6bb1fba55015c2ae0a49 save a blog successful!
[2016-10-20 06:36:44] [INFOR] 4a21a5a6e6bb1fba55015c2ae0a49 save a blog successful!
[2016-10-20 06:37:33] [INFOR] 4a21a5a6e6bb1fba55015c2ae0a49 save a blog successful!
[2016-10-20 07:05:40] [INFOR] 4a21a5a6e6bb1fba55015c2ae0a49 save a blog successful!
[2016-10-20 07:06:24] [INFOR] 4a21a5a6e6bb1fba55015c2ae0a49 save a blog successful!
[2016-10-20 09:55:55] [INFOR] entered blog page
[2016-10-20 13:21:43] [INFOR] entered blog page
[2016-10-20 13:21:53] [INFOR] wsh login success!
[2016-10-20 13:39:00] [INFOR] entered blog page
[2016-10-20 13:39:11] [INFOR] wsh login success!
[2016-10-20 15:40:35] [INFOR] wsh logout success!
[2016-10-20 15:40:35] [INFOR] entered blog page
[2016-10-20 15:40:50] [INFOR] wsh login success!
[2016-10-20 15:40:54] [INFOR] wsh logout success!
[2016-10-20 15:40:54] [INFOR] entered blog page
[2016-10-20 15:44:01] [INFOR] entered blog page
[2016-10-20 15:44:15] [INFOR] wsh login success!
[2016-10-20 16:02:38] [INFOR] wsh logout success!
[2016-10-20 16:02:38] [INFOR] entered blog page
